{"C:\\Users\\murie\\Documents\\Studium\\4.Semester\\Web-Architecture\\meinprojekt\\backend\\middleware\\authenticate.js": {"path":"C:\\Users\\murie\\Documents\\Studium\\4.Semester\\Web-Architecture\\meinprojekt\\backend\\middleware\\authenticate.js","statementMap":{"0":{"start":{"line":1,"column":12},"end":{"line":1,"column":35}},"1":{"start":{"line":3,"column":26},"end":{"line":3,"column":38}},"2":{"start":{"line":5,"column":21},"end":{"line":23,"column":1}},"3":{"start":{"line":6,"column":2},"end":{"line":22,"column":3}},"4":{"start":{"line":7,"column":18},"end":{"line":7,"column":50}},"5":{"start":{"line":8,"column":4},"end":{"line":10,"column":5}},"6":{"start":{"line":9,"column":6},"end":{"line":9,"column":66}},"7":{"start":{"line":12,"column":22},"end":{"line":12,"column":44}},"8":{"start":{"line":13,"column":4},"end":{"line":15,"column":5}},"9":{"start":{"line":14,"column":6},"end":{"line":14,"column":83}},"10":{"start":{"line":17,"column":20},"end":{"line":17,"column":48}},"11":{"start":{"line":18,"column":4},"end":{"line":18,"column":23}},"12":{"start":{"line":19,"column":4},"end":{"line":19,"column":18}},"13":{"start":{"line":21,"column":4},"end":{"line":21,"column":64}},"14":{"start":{"line":25,"column":0},"end":{"line":25,"column":null}}},"fnMap":{"0":{"name":"(anonymous_0)","decl":{"start":{"line":5,"column":21},"end":{"line":5,"column":22}},"loc":{"start":{"line":5,"column":41},"end":{"line":23,"column":1}},"line":5}},"branchMap":{"0":{"loc":{"start":{"line":8,"column":4},"end":{"line":10,"column":5}},"type":"if","locations":[{"start":{"line":8,"column":4},"end":{"line":10,"column":5}},{"start":{},"end":{}}],"line":8},"1":{"loc":{"start":{"line":13,"column":4},"end":{"line":15,"column":5}},"type":"if","locations":[{"start":{"line":13,"column":4},"end":{"line":15,"column":5}},{"start":{},"end":{}}],"line":13}},"s":{"0":1,"1":1,"2":1,"3":6,"4":6,"5":6,"6":1,"7":5,"8":5,"9":0,"10":2,"11":3,"12":3,"13":0,"14":1},"f":{"0":6},"b":{"0":[1,5],"1":[0,5]},"meta":{"lastBranch":2,"lastFunction":1,"lastStatement":15,"seen":{"s:1:12:1:35":0,"s:3:26:3:38":1,"s:5:21:23:1":2,"f:5:21:5:22":0,"s:6:2:22:3":3,"s:7:18:7:50":4,"b:8:4:10:5:undefined:undefined:undefined:undefined":0,"s:8:4:10:5":5,"s:9:6:9:66":6,"s:12:22:12:44":7,"b:13:4:15:5:undefined:undefined:undefined:undefined":1,"s:13:4:15:5":8,"s:14:6:14:83":9,"s:17:20:17:48":10,"s:18:4:18:23":11,"s:19:4:19:18":12,"s:21:4:21:64":13,"s:25:0:25:Infinity":14},"fnNames":{}}}
,"C:\\Users\\murie\\Documents\\Studium\\4.Semester\\Web-Architecture\\meinprojekt\\backend\\modules\\auth\\auth.routes.js": {"path":"C:\\Users\\murie\\Documents\\Studium\\4.Semester\\Web-Architecture\\meinprojekt\\backend\\modules\\auth\\auth.routes.js","statementMap":{"0":{"start":{"line":1,"column":16},"end":{"line":1,"column":null}},"1":{"start":{"line":2,"column":15},"end":{"line":2,"column":null}},"2":{"start":{"line":3,"column":12},"end":{"line":3,"column":null}},"3":{"start":{"line":4,"column":15},"end":{"line":4,"column":null}},"4":{"start":{"line":5,"column":21},"end":{"line":5,"column":null}},"5":{"start":{"line":7,"column":26},"end":{"line":7,"column":null}},"6":{"start":{"line":8,"column":25},"end":{"line":8,"column":null}},"7":{"start":{"line":9,"column":25},"end":{"line":9,"column":null}},"8":{"start":{"line":10,"column":24},"end":{"line":10,"column":null}},"9":{"start":{"line":11,"column":27},"end":{"line":11,"column":null}},"10":{"start":{"line":12,"column":26},"end":{"line":12,"column":null}},"11":{"start":{"line":14,"column":6},"end":{"line":14,"column":null}},"12":{"start":{"line":14,"column":34},"end":{"line":14,"column":null}},"13":{"start":{"line":16,"column":6},"end":{"line":18,"column":null}},"14":{"start":{"line":17,"column":2},"end":{"line":17,"column":null}},"15":{"start":{"line":20,"column":6},"end":{"line":42,"column":null}},"16":{"start":{"line":21,"column":16},"end":{"line":21,"column":null}},"17":{"start":{"line":22,"column":19},"end":{"line":22,"column":null}},"18":{"start":{"line":23,"column":23},"end":{"line":23,"column":null}},"19":{"start":{"line":25,"column":2},"end":{"line":27,"column":null}},"20":{"start":{"line":26,"column":4},"end":{"line":26,"column":null}},"21":{"start":{"line":29,"column":2},"end":{"line":36,"column":null}},"22":{"start":{"line":30,"column":4},"end":{"line":35,"column":null}},"23":{"start":{"line":38,"column":23},"end":{"line":38,"column":null}},"24":{"start":{"line":39,"column":15},"end":{"line":39,"column":null}},"25":{"start":{"line":41,"column":2},"end":{"line":41,"column":null}},"26":{"start":{"line":44,"column":6},"end":{"line":53,"column":null}},"27":{"start":{"line":45,"column":16},"end":{"line":45,"column":null}},"28":{"start":{"line":46,"column":19},"end":{"line":46,"column":null}},"29":{"start":{"line":48,"column":2},"end":{"line":50,"column":null}},"30":{"start":{"line":49,"column":4},"end":{"line":49,"column":null}},"31":{"start":{"line":52,"column":2},"end":{"line":52,"column":null}},"32":{"start":{"line":55,"column":6},"end":{"line":73,"column":null}},"33":{"start":{"line":56,"column":26},"end":{"line":56,"column":null}},"34":{"start":{"line":57,"column":22},"end":{"line":57,"column":null}},"35":{"start":{"line":59,"column":2},"end":{"line":61,"column":null}},"36":{"start":{"line":60,"column":4},"end":{"line":60,"column":null}},"37":{"start":{"line":63,"column":2},"end":{"line":70,"column":null}},"38":{"start":{"line":64,"column":4},"end":{"line":69,"column":null}},"39":{"start":{"line":72,"column":2},"end":{"line":72,"column":null}},"40":{"start":{"line":75,"column":6},"end":{"line":87,"column":null}},"41":{"start":{"line":76,"column":14},"end":{"line":76,"column":null}},"42":{"start":{"line":77,"column":14},"end":{"line":77,"column":null}},"43":{"start":{"line":78,"column":18},"end":{"line":78,"column":null}},"44":{"start":{"line":80,"column":2},"end":{"line":84,"column":null}},"45":{"start":{"line":81,"column":17},"end":{"line":81,"column":null}},"46":{"start":{"line":82,"column":4},"end":{"line":82,"column":null}},"47":{"start":{"line":83,"column":4},"end":{"line":83,"column":null}},"48":{"start":{"line":86,"column":2},"end":{"line":86,"column":null}},"49":{"start":{"line":89,"column":6},"end":{"line":310,"column":null}},"50":{"start":{"line":90,"column":17},"end":{"line":90,"column":null}},"51":{"start":{"line":91,"column":20},"end":{"line":91,"column":null}},"52":{"start":{"line":93,"column":2},"end":{"line":95,"column":null}},"53":{"start":{"line":94,"column":4},"end":{"line":94,"column":null}},"54":{"start":{"line":97,"column":24},"end":{"line":103,"column":null}},"55":{"start":{"line":105,"column":2},"end":{"line":146,"column":null}},"56":{"start":{"line":106,"column":4},"end":{"line":145,"column":null}},"57":{"start":{"line":107,"column":21},"end":{"line":107,"column":null}},"58":{"start":{"line":108,"column":6},"end":{"line":110,"column":null}},"59":{"start":{"line":109,"column":8},"end":{"line":109,"column":null}},"60":{"start":{"line":112,"column":40},"end":{"line":112,"column":null}},"61":{"start":{"line":113,"column":27},"end":{"line":116,"column":null}},"62":{"start":{"line":118,"column":6},"end":{"line":120,"column":null}},"63":{"start":{"line":119,"column":8},"end":{"line":119,"column":null}},"64":{"start":{"line":122,"column":27},"end":{"line":122,"column":null}},"65":{"start":{"line":123,"column":26},"end":{"line":135,"column":null}},"66":{"start":{"line":137,"column":6},"end":{"line":137,"column":null}},"67":{"start":{"line":139,"column":6},"end":{"line":141,"column":null}},"68":{"start":{"line":140,"column":8},"end":{"line":140,"column":null}},"69":{"start":{"line":143,"column":6},"end":{"line":143,"column":null}},"70":{"start":{"line":144,"column":6},"end":{"line":144,"column":null}},"71":{"start":{"line":148,"column":2},"end":{"line":210,"column":null}},"72":{"start":{"line":149,"column":4},"end":{"line":209,"column":null}},"73":{"start":{"line":150,"column":27},"end":{"line":150,"column":null}},"74":{"start":{"line":151,"column":6},"end":{"line":158,"column":null}},"75":{"start":{"line":152,"column":8},"end":{"line":157,"column":null}},"76":{"start":{"line":160,"column":21},"end":{"line":160,"column":null}},"77":{"start":{"line":161,"column":6},"end":{"line":163,"column":null}},"78":{"start":{"line":162,"column":8},"end":{"line":162,"column":null}},"79":{"start":{"line":165,"column":34},"end":{"line":165,"column":null}},"80":{"start":{"line":166,"column":19},"end":{"line":174,"column":null}},"81":{"start":{"line":176,"column":6},"end":{"line":179,"column":null}},"82":{"start":{"line":177,"column":8},"end":{"line":177,"column":null}},"83":{"start":{"line":178,"column":8},"end":{"line":178,"column":null}},"84":{"start":{"line":181,"column":30},"end":{"line":181,"column":null}},"85":{"start":{"line":182,"column":6},"end":{"line":185,"column":null}},"86":{"start":{"line":183,"column":8},"end":{"line":183,"column":null}},"87":{"start":{"line":184,"column":8},"end":{"line":184,"column":null}},"88":{"start":{"line":187,"column":6},"end":{"line":187,"column":null}},"89":{"start":{"line":189,"column":20},"end":{"line":196,"column":null}},"90":{"start":{"line":198,"column":6},"end":{"line":198,"column":null}},"91":{"start":{"line":199,"column":6},"end":{"line":205,"column":null}},"92":{"start":{"line":207,"column":6},"end":{"line":207,"column":null}},"93":{"start":{"line":208,"column":6},"end":{"line":208,"column":null}},"94":{"start":{"line":212,"column":2},"end":{"line":232,"column":null}},"95":{"start":{"line":213,"column":4},"end":{"line":231,"column":null}},"96":{"start":{"line":214,"column":19},"end":{"line":222,"column":null}},"97":{"start":{"line":224,"column":6},"end":{"line":226,"column":null}},"98":{"start":{"line":225,"column":8},"end":{"line":225,"column":null}},"99":{"start":{"line":228,"column":6},"end":{"line":228,"column":null}},"100":{"start":{"line":230,"column":6},"end":{"line":230,"column":null}},"101":{"start":{"line":234,"column":2},"end":{"line":258,"column":null}},"102":{"start":{"line":235,"column":4},"end":{"line":257,"column":null}},"103":{"start":{"line":236,"column":19},"end":{"line":236,"column":null}},"104":{"start":{"line":238,"column":6},"end":{"line":240,"column":null}},"105":{"start":{"line":239,"column":8},"end":{"line":239,"column":null}},"106":{"start":{"line":242,"column":26},"end":{"line":251,"column":null}},"107":{"start":{"line":253,"column":6},"end":{"line":253,"column":null}},"108":{"start":{"line":255,"column":6},"end":{"line":255,"column":null}},"109":{"start":{"line":256,"column":6},"end":{"line":256,"column":null}},"110":{"start":{"line":260,"column":2},"end":{"line":296,"column":null}},"111":{"start":{"line":261,"column":4},"end":{"line":295,"column":null}},"112":{"start":{"line":262,"column":21},"end":{"line":262,"column":null}},"113":{"start":{"line":263,"column":6},"end":{"line":265,"column":null}},"114":{"start":{"line":264,"column":8},"end":{"line":264,"column":null}},"115":{"start":{"line":267,"column":47},"end":{"line":267,"column":null}},"116":{"start":{"line":268,"column":19},"end":{"line":274,"column":null}},"117":{"start":{"line":276,"column":6},"end":{"line":278,"column":null}},"118":{"start":{"line":277,"column":8},"end":{"line":277,"column":null}},"119":{"start":{"line":280,"column":37},"end":{"line":280,"column":null}},"120":{"start":{"line":281,"column":6},"end":{"line":283,"column":null}},"121":{"start":{"line":282,"column":8},"end":{"line":282,"column":null}},"122":{"start":{"line":285,"column":27},"end":{"line":285,"column":null}},"123":{"start":{"line":286,"column":6},"end":{"line":289,"column":null}},"124":{"start":{"line":291,"column":6},"end":{"line":291,"column":null}},"125":{"start":{"line":293,"column":6},"end":{"line":293,"column":null}},"126":{"start":{"line":294,"column":6},"end":{"line":294,"column":null}},"127":{"start":{"line":298,"column":2},"end":{"line":307,"column":null}},"128":{"start":{"line":299,"column":4},"end":{"line":304,"column":null}},"129":{"start":{"line":306,"column":4},"end":{"line":306,"column":null}},"130":{"start":{"line":309,"column":2},"end":{"line":309,"column":null}},"131":{"start":{"line":312,"column":0},"end":{"line":312,"column":null}}},"fnMap":{"0":{"name":"(anonymous_0)","decl":{"start":{"line":14,"column":6},"end":{"line":14,"column":24}},"loc":{"start":{"line":14,"column":34},"end":{"line":14,"column":null}},"line":14},"1":{"name":"(anonymous_1)","decl":{"start":{"line":16,"column":6},"end":{"line":16,"column":22}},"loc":{"start":{"line":16,"column":32},"end":{"line":18,"column":null}},"line":16},"2":{"name":"(anonymous_2)","decl":{"start":{"line":20,"column":6},"end":{"line":20,"column":30}},"loc":{"start":{"line":20,"column":39},"end":{"line":42,"column":null}},"line":20},"3":{"name":"(anonymous_3)","decl":{"start":{"line":44,"column":6},"end":{"line":44,"column":27}},"loc":{"start":{"line":44,"column":36},"end":{"line":53,"column":null}},"line":44},"4":{"name":"(anonymous_4)","decl":{"start":{"line":55,"column":6},"end":{"line":55,"column":36}},"loc":{"start":{"line":55,"column":45},"end":{"line":73,"column":null}},"line":55},"5":{"name":"(anonymous_5)","decl":{"start":{"line":75,"column":6},"end":{"line":75,"column":30}},"loc":{"start":{"line":75,"column":37},"end":{"line":87,"column":null}},"line":75},"6":{"name":"(anonymous_6)","decl":{"start":{"line":89,"column":6},"end":{"line":89,"column":26}},"loc":{"start":{"line":89,"column":47},"end":{"line":310,"column":null}},"line":89},"7":{"name":"(anonymous_7)","decl":{"start":{"line":105,"column":27},"end":{"line":105,"column":34}},"loc":{"start":{"line":105,"column":47},"end":{"line":146,"column":3}},"line":105},"8":{"name":"(anonymous_8)","decl":{"start":{"line":148,"column":24},"end":{"line":148,"column":31}},"loc":{"start":{"line":148,"column":44},"end":{"line":210,"column":3}},"line":148},"9":{"name":"(anonymous_9)","decl":{"start":{"line":212,"column":34},"end":{"line":212,"column":41}},"loc":{"start":{"line":212,"column":54},"end":{"line":232,"column":3}},"line":212},"10":{"name":"(anonymous_10)","decl":{"start":{"line":234,"column":36},"end":{"line":234,"column":43}},"loc":{"start":{"line":234,"column":56},"end":{"line":258,"column":3}},"line":234},"11":{"name":"(anonymous_11)","decl":{"start":{"line":260,"column":41},"end":{"line":260,"column":48}},"loc":{"start":{"line":260,"column":61},"end":{"line":296,"column":3}},"line":260},"12":{"name":"(anonymous_12)","decl":{"start":{"line":298,"column":14},"end":{"line":298,"column":26}},"loc":{"start":{"line":298,"column":39},"end":{"line":307,"column":3}},"line":298}},"branchMap":{"0":{"loc":{"start":{"line":14,"column":41},"end":{"line":14,"column":52}},"type":"binary-expr","locations":[{"start":{"line":14,"column":41},"end":{"line":14,"column":50}},{"start":{"line":14,"column":50},"end":{"line":14,"column":52}}],"line":14},"1":{"loc":{"start":{"line":22,"column":26},"end":{"line":22,"column":46}},"type":"binary-expr","locations":[{"start":{"line":22,"column":26},"end":{"line":22,"column":44}},{"start":{"line":22,"column":44},"end":{"line":22,"column":46}}],"line":22},"2":{"loc":{"start":{"line":23,"column":23},"end":{"line":23,"column":null}},"type":"cond-expr","locations":[{"start":{"line":23,"column":50},"end":{"line":23,"column":77}},{"start":{"line":23,"column":77},"end":{"line":23,"column":null}}],"line":23},"3":{"loc":{"start":{"line":25,"column":2},"end":{"line":27,"column":null}},"type":"if","locations":[{"start":{"line":25,"column":2},"end":{"line":27,"column":null}},{"start":{},"end":{}}],"line":25},"4":{"loc":{"start":{"line":25,"column":6},"end":{"line":25,"column":38}},"type":"binary-expr","locations":[{"start":{"line":25,"column":6},"end":{"line":25,"column":16}},{"start":{"line":25,"column":16},"end":{"line":25,"column":38}}],"line":25},"5":{"loc":{"start":{"line":29,"column":2},"end":{"line":36,"column":null}},"type":"if","locations":[{"start":{"line":29,"column":2},"end":{"line":36,"column":null}},{"start":{},"end":{}}],"line":29},"6":{"loc":{"start":{"line":29,"column":6},"end":{"line":29,"column":95}},"type":"binary-expr","locations":[{"start":{"line":29,"column":6},"end":{"line":29,"column":19}},{"start":{"line":29,"column":19},"end":{"line":29,"column":43}},{"start":{"line":29,"column":43},"end":{"line":29,"column":73}},{"start":{"line":29,"column":73},"end":{"line":29,"column":95}}],"line":29},"7":{"loc":{"start":{"line":39,"column":15},"end":{"line":39,"column":null}},"type":"binary-expr","locations":[{"start":{"line":39,"column":15},"end":{"line":39,"column":31}},{"start":{"line":39,"column":31},"end":{"line":39,"column":null}}],"line":39},"8":{"loc":{"start":{"line":46,"column":26},"end":{"line":46,"column":46}},"type":"binary-expr","locations":[{"start":{"line":46,"column":26},"end":{"line":46,"column":44}},{"start":{"line":46,"column":44},"end":{"line":46,"column":46}}],"line":46},"9":{"loc":{"start":{"line":48,"column":2},"end":{"line":50,"column":null}},"type":"if","locations":[{"start":{"line":48,"column":2},"end":{"line":50,"column":null}},{"start":{},"end":{}}],"line":48},"10":{"loc":{"start":{"line":48,"column":6},"end":{"line":48,"column":27}},"type":"binary-expr","locations":[{"start":{"line":48,"column":6},"end":{"line":48,"column":16}},{"start":{"line":48,"column":16},"end":{"line":48,"column":27}}],"line":48},"11":{"loc":{"start":{"line":56,"column":33},"end":{"line":56,"column":60}},"type":"binary-expr","locations":[{"start":{"line":56,"column":33},"end":{"line":56,"column":58}},{"start":{"line":56,"column":58},"end":{"line":56,"column":60}}],"line":56},"12":{"loc":{"start":{"line":57,"column":29},"end":{"line":57,"column":52}},"type":"binary-expr","locations":[{"start":{"line":57,"column":29},"end":{"line":57,"column":50}},{"start":{"line":57,"column":50},"end":{"line":57,"column":52}}],"line":57},"13":{"loc":{"start":{"line":59,"column":2},"end":{"line":61,"column":null}},"type":"if","locations":[{"start":{"line":59,"column":2},"end":{"line":61,"column":null}},{"start":{},"end":{}}],"line":59},"14":{"loc":{"start":{"line":59,"column":6},"end":{"line":59,"column":40}},"type":"binary-expr","locations":[{"start":{"line":59,"column":6},"end":{"line":59,"column":26}},{"start":{"line":59,"column":26},"end":{"line":59,"column":40}}],"line":59},"15":{"loc":{"start":{"line":63,"column":2},"end":{"line":70,"column":null}},"type":"if","locations":[{"start":{"line":63,"column":2},"end":{"line":70,"column":null}},{"start":{},"end":{}}],"line":63},"16":{"loc":{"start":{"line":63,"column":6},"end":{"line":63,"column":91}},"type":"binary-expr","locations":[{"start":{"line":63,"column":6},"end":{"line":63,"column":33}},{"start":{"line":63,"column":33},"end":{"line":63,"column":66}},{"start":{"line":63,"column":66},"end":{"line":63,"column":91}}],"line":63},"17":{"loc":{"start":{"line":76,"column":21},"end":{"line":76,"column":36}},"type":"binary-expr","locations":[{"start":{"line":76,"column":21},"end":{"line":76,"column":27}},{"start":{"line":76,"column":27},"end":{"line":76,"column":36}}],"line":76},"18":{"loc":{"start":{"line":80,"column":2},"end":{"line":84,"column":null}},"type":"if","locations":[{"start":{"line":80,"column":2},"end":{"line":84,"column":null}},{"start":{},"end":{}}],"line":80},"19":{"loc":{"start":{"line":80,"column":6},"end":{"line":80,"column":42}},"type":"binary-expr","locations":[{"start":{"line":80,"column":6},"end":{"line":80,"column":18}},{"start":{"line":80,"column":18},"end":{"line":80,"column":42}}],"line":80},"20":{"loc":{"start":{"line":93,"column":2},"end":{"line":95,"column":null}},"type":"if","locations":[{"start":{"line":93,"column":2},"end":{"line":95,"column":null}},{"start":{},"end":{}}],"line":93},"21":{"loc":{"start":{"line":108,"column":6},"end":{"line":110,"column":null}},"type":"if","locations":[{"start":{"line":108,"column":6},"end":{"line":110,"column":null}},{"start":{},"end":{}}],"line":108},"22":{"loc":{"start":{"line":118,"column":6},"end":{"line":120,"column":null}},"type":"if","locations":[{"start":{"line":118,"column":6},"end":{"line":120,"column":null}},{"start":{},"end":{}}],"line":118},"23":{"loc":{"start":{"line":139,"column":6},"end":{"line":141,"column":null}},"type":"if","locations":[{"start":{"line":139,"column":6},"end":{"line":141,"column":null}},{"start":{},"end":{}}],"line":139},"24":{"loc":{"start":{"line":151,"column":6},"end":{"line":158,"column":null}},"type":"if","locations":[{"start":{"line":151,"column":6},"end":{"line":158,"column":null}},{"start":{},"end":{}}],"line":151},"25":{"loc":{"start":{"line":161,"column":6},"end":{"line":163,"column":null}},"type":"if","locations":[{"start":{"line":161,"column":6},"end":{"line":163,"column":null}},{"start":{},"end":{}}],"line":161},"26":{"loc":{"start":{"line":176,"column":6},"end":{"line":179,"column":null}},"type":"if","locations":[{"start":{"line":176,"column":6},"end":{"line":179,"column":null}},{"start":{},"end":{}}],"line":176},"27":{"loc":{"start":{"line":182,"column":6},"end":{"line":185,"column":null}},"type":"if","locations":[{"start":{"line":182,"column":6},"end":{"line":185,"column":null}},{"start":{},"end":{}}],"line":182},"28":{"loc":{"start":{"line":187,"column":38},"end":{"line":187,"column":57}},"type":"binary-expr","locations":[{"start":{"line":187,"column":38},"end":{"line":187,"column":48}},{"start":{"line":187,"column":48},"end":{"line":187,"column":57}}],"line":187},"29":{"loc":{"start":{"line":224,"column":6},"end":{"line":226,"column":null}},"type":"if","locations":[{"start":{"line":224,"column":6},"end":{"line":226,"column":null}},{"start":{},"end":{}}],"line":224},"30":{"loc":{"start":{"line":236,"column":19},"end":{"line":236,"column":null}},"type":"cond-expr","locations":[{"start":{"line":236,"column":50},"end":{"line":236,"column":55}},{"start":{"line":236,"column":55},"end":{"line":236,"column":null}}],"line":236},"31":{"loc":{"start":{"line":238,"column":6},"end":{"line":240,"column":null}},"type":"if","locations":[{"start":{"line":238,"column":6},"end":{"line":240,"column":null}},{"start":{},"end":{}}],"line":238},"32":{"loc":{"start":{"line":263,"column":6},"end":{"line":265,"column":null}},"type":"if","locations":[{"start":{"line":263,"column":6},"end":{"line":265,"column":null}},{"start":{},"end":{}}],"line":263},"33":{"loc":{"start":{"line":276,"column":6},"end":{"line":278,"column":null}},"type":"if","locations":[{"start":{"line":276,"column":6},"end":{"line":278,"column":null}},{"start":{},"end":{}}],"line":276},"34":{"loc":{"start":{"line":281,"column":6},"end":{"line":283,"column":null}},"type":"if","locations":[{"start":{"line":281,"column":6},"end":{"line":283,"column":null}},{"start":{},"end":{}}],"line":281}},"s":{"0":1,"1":1,"2":1,"3":1,"4":1,"5":1,"6":1,"7":1,"8":1,"9":1,"10":1,"11":1,"12":7,"13":1,"14":4,"15":1,"16":4,"17":4,"18":4,"19":4,"20":1,"21":3,"22":1,"23":2,"24":2,"25":4,"26":1,"27":3,"28":3,"29":3,"30":0,"31":3,"32":1,"33":2,"34":2,"35":2,"36":0,"37":2,"38":0,"39":2,"40":1,"41":3,"42":3,"43":3,"44":3,"45":2,"46":2,"47":2,"48":1,"49":1,"50":14,"51":14,"52":14,"53":0,"54":14,"55":14,"56":4,"57":4,"58":4,"59":2,"60":2,"61":2,"62":2,"63":1,"64":1,"65":1,"66":1,"67":0,"68":0,"69":0,"70":0,"71":14,"72":3,"73":3,"74":3,"75":0,"76":3,"77":3,"78":0,"79":3,"80":3,"81":3,"82":1,"83":1,"84":2,"85":2,"86":1,"87":1,"88":1,"89":3,"90":3,"91":3,"92":0,"93":0,"94":14,"95":1,"96":1,"97":1,"98":0,"99":1,"100":0,"101":14,"102":2,"103":2,"104":2,"105":1,"106":1,"107":1,"108":0,"109":0,"110":14,"111":2,"112":2,"113":2,"114":0,"115":2,"116":2,"117":2,"118":0,"119":2,"120":2,"121":1,"122":1,"123":1,"124":1,"125":0,"126":0,"127":14,"128":1,"129":1,"130":14,"131":1},"f":{"0":7,"1":4,"2":4,"3":3,"4":2,"5":3,"6":14,"7":4,"8":3,"9":1,"10":2,"11":2,"12":1},"b":{"0":[7,0],"1":[4,0],"2":[0,4],"3":[1,3],"4":[4,4],"5":[1,2],"6":[3,3,2,2],"7":[2,2],"8":[3,0],"9":[0,3],"10":[3,3],"11":[2,0],"12":[2,0],"13":[0,2],"14":[2,2],"15":[0,2],"16":[2,2,2],"17":[3,0],"18":[2,1],"19":[3,1],"20":[0,14],"21":[2,2],"22":[1,1],"23":[0,0],"24":[0,3],"25":[0,3],"26":[1,2],"27":[1,1],"28":[1,0],"29":[0,1],"30":[0,2],"31":[1,1],"32":[0,2],"33":[0,2],"34":[1,1]},"meta":{"lastBranch":35,"lastFunction":13,"lastStatement":132,"seen":{"s:1:16:1:Infinity":0,"s:2:15:2:Infinity":1,"s:3:12:3:Infinity":2,"s:4:15:4:Infinity":3,"s:5:21:5:Infinity":4,"s:7:26:7:Infinity":5,"s:8:25:8:Infinity":6,"s:9:25:9:Infinity":7,"s:10:24:10:Infinity":8,"s:11:27:11:Infinity":9,"s:12:26:12:Infinity":10,"s:14:6:14:Infinity":11,"f:14:6:14:24":0,"s:14:34:14:Infinity":12,"b:14:41:14:50:14:50:14:52":0,"s:16:6:18:Infinity":13,"f:16:6:16:22":1,"s:17:2:17:Infinity":14,"s:20:6:42:Infinity":15,"f:20:6:20:30":2,"s:21:16:21:Infinity":16,"s:22:19:22:Infinity":17,"b:22:26:22:44:22:44:22:46":1,"s:23:23:23:Infinity":18,"b:23:50:23:77:23:77:23:Infinity":2,"b:25:2:27:Infinity:undefined:undefined:undefined:undefined":3,"s:25:2:27:Infinity":19,"b:25:6:25:16:25:16:25:38":4,"s:26:4:26:Infinity":20,"b:29:2:36:Infinity:undefined:undefined:undefined:undefined":5,"s:29:2:36:Infinity":21,"b:29:6:29:19:29:19:29:43:29:43:29:73:29:73:29:95":6,"s:30:4:35:Infinity":22,"s:38:23:38:Infinity":23,"s:39:15:39:Infinity":24,"b:39:15:39:31:39:31:39:Infinity":7,"s:41:2:41:Infinity":25,"s:44:6:53:Infinity":26,"f:44:6:44:27":3,"s:45:16:45:Infinity":27,"s:46:19:46:Infinity":28,"b:46:26:46:44:46:44:46:46":8,"b:48:2:50:Infinity:undefined:undefined:undefined:undefined":9,"s:48:2:50:Infinity":29,"b:48:6:48:16:48:16:48:27":10,"s:49:4:49:Infinity":30,"s:52:2:52:Infinity":31,"s:55:6:73:Infinity":32,"f:55:6:55:36":4,"s:56:26:56:Infinity":33,"b:56:33:56:58:56:58:56:60":11,"s:57:22:57:Infinity":34,"b:57:29:57:50:57:50:57:52":12,"b:59:2:61:Infinity:undefined:undefined:undefined:undefined":13,"s:59:2:61:Infinity":35,"b:59:6:59:26:59:26:59:40":14,"s:60:4:60:Infinity":36,"b:63:2:70:Infinity:undefined:undefined:undefined:undefined":15,"s:63:2:70:Infinity":37,"b:63:6:63:33:63:33:63:66:63:66:63:91":16,"s:64:4:69:Infinity":38,"s:72:2:72:Infinity":39,"s:75:6:87:Infinity":40,"f:75:6:75:30":5,"s:76:14:76:Infinity":41,"b:76:21:76:27:76:27:76:36":17,"s:77:14:77:Infinity":42,"s:78:18:78:Infinity":43,"b:80:2:84:Infinity:undefined:undefined:undefined:undefined":18,"s:80:2:84:Infinity":44,"b:80:6:80:18:80:18:80:42":19,"s:81:17:81:Infinity":45,"s:82:4:82:Infinity":46,"s:83:4:83:Infinity":47,"s:86:2:86:Infinity":48,"s:89:6:310:Infinity":49,"f:89:6:89:26":6,"s:90:17:90:Infinity":50,"s:91:20:91:Infinity":51,"b:93:2:95:Infinity:undefined:undefined:undefined:undefined":20,"s:93:2:95:Infinity":52,"s:94:4:94:Infinity":53,"s:97:24:103:Infinity":54,"s:105:2:146:Infinity":55,"f:105:27:105:34":7,"s:106:4:145:Infinity":56,"s:107:21:107:Infinity":57,"b:108:6:110:Infinity:undefined:undefined:undefined:undefined":21,"s:108:6:110:Infinity":58,"s:109:8:109:Infinity":59,"s:112:40:112:Infinity":60,"s:113:27:116:Infinity":61,"b:118:6:120:Infinity:undefined:undefined:undefined:undefined":22,"s:118:6:120:Infinity":62,"s:119:8:119:Infinity":63,"s:122:27:122:Infinity":64,"s:123:26:135:Infinity":65,"s:137:6:137:Infinity":66,"b:139:6:141:Infinity:undefined:undefined:undefined:undefined":23,"s:139:6:141:Infinity":67,"s:140:8:140:Infinity":68,"s:143:6:143:Infinity":69,"s:144:6:144:Infinity":70,"s:148:2:210:Infinity":71,"f:148:24:148:31":8,"s:149:4:209:Infinity":72,"s:150:27:150:Infinity":73,"b:151:6:158:Infinity:undefined:undefined:undefined:undefined":24,"s:151:6:158:Infinity":74,"s:152:8:157:Infinity":75,"s:160:21:160:Infinity":76,"b:161:6:163:Infinity:undefined:undefined:undefined:undefined":25,"s:161:6:163:Infinity":77,"s:162:8:162:Infinity":78,"s:165:34:165:Infinity":79,"s:166:19:174:Infinity":80,"b:176:6:179:Infinity:undefined:undefined:undefined:undefined":26,"s:176:6:179:Infinity":81,"s:177:8:177:Infinity":82,"s:178:8:178:Infinity":83,"s:181:30:181:Infinity":84,"b:182:6:185:Infinity:undefined:undefined:undefined:undefined":27,"s:182:6:185:Infinity":85,"s:183:8:183:Infinity":86,"s:184:8:184:Infinity":87,"s:187:6:187:Infinity":88,"b:187:38:187:48:187:48:187:57":28,"s:189:20:196:Infinity":89,"s:198:6:198:Infinity":90,"s:199:6:205:Infinity":91,"s:207:6:207:Infinity":92,"s:208:6:208:Infinity":93,"s:212:2:232:Infinity":94,"f:212:34:212:41":9,"s:213:4:231:Infinity":95,"s:214:19:222:Infinity":96,"b:224:6:226:Infinity:undefined:undefined:undefined:undefined":29,"s:224:6:226:Infinity":97,"s:225:8:225:Infinity":98,"s:228:6:228:Infinity":99,"s:230:6:230:Infinity":100,"s:234:2:258:Infinity":101,"f:234:36:234:43":10,"s:235:4:257:Infinity":102,"s:236:19:236:Infinity":103,"b:236:50:236:55:236:55:236:Infinity":30,"b:238:6:240:Infinity:undefined:undefined:undefined:undefined":31,"s:238:6:240:Infinity":104,"s:239:8:239:Infinity":105,"s:242:26:251:Infinity":106,"s:253:6:253:Infinity":107,"s:255:6:255:Infinity":108,"s:256:6:256:Infinity":109,"s:260:2:296:Infinity":110,"f:260:41:260:48":11,"s:261:4:295:Infinity":111,"s:262:21:262:Infinity":112,"b:263:6:265:Infinity:undefined:undefined:undefined:undefined":32,"s:263:6:265:Infinity":113,"s:264:8:264:Infinity":114,"s:267:47:267:Infinity":115,"s:268:19:274:Infinity":116,"b:276:6:278:Infinity:undefined:undefined:undefined:undefined":33,"s:276:6:278:Infinity":117,"s:277:8:277:Infinity":118,"s:280:37:280:Infinity":119,"b:281:6:283:Infinity:undefined:undefined:undefined:undefined":34,"s:281:6:283:Infinity":120,"s:282:8:282:Infinity":121,"s:285:27:285:Infinity":122,"s:286:6:289:Infinity":123,"s:291:6:291:Infinity":124,"s:293:6:293:Infinity":125,"s:294:6:294:Infinity":126,"s:298:2:307:Infinity":127,"f:298:14:298:26":12,"s:299:4:304:Infinity":128,"s:306:4:306:Infinity":129,"s:309:2:309:Infinity":130,"s:312:0:312:Infinity":131},"fnNames":{}}}
,"C:\\Users\\murie\\Documents\\Studium\\4.Semester\\Web-Architecture\\meinprojekt\\backend\\modules\\auth\\auth.service.js": {"path":"C:\\Users\\murie\\Documents\\Studium\\4.Semester\\Web-Architecture\\meinprojekt\\backend\\modules\\auth\\auth.service.js","statementMap":{"0":{"start":{"line":1,"column":15},"end":{"line":1,"column":45}},"1":{"start":{"line":2,"column":15},"end":{"line":2,"column":32}},"2":{"start":{"line":5,"column":2},"end":{"line":8,"column":null}},"3":{"start":{"line":12,"column":2},"end":{"line":15,"column":null}},"4":{"start":{"line":19,"column":2},"end":{"line":28,"column":null}},"5":{"start":{"line":31,"column":0},"end":{"line":35,"column":null}}},"fnMap":{"0":{"name":"getUserById","decl":{"start":{"line":4,"column":15},"end":{"line":4,"column":26}},"loc":{"start":{"line":4,"column":35},"end":{"line":9,"column":null}},"line":4},"1":{"name":"getFirstUser","decl":{"start":{"line":11,"column":15},"end":{"line":11,"column":27}},"loc":{"start":{"line":11,"column":30},"end":{"line":16,"column":null}},"line":11},"2":{"name":"getOrCreateDefaultUser","decl":{"start":{"line":18,"column":15},"end":{"line":18,"column":37}},"loc":{"start":{"line":18,"column":40},"end":{"line":29,"column":null}},"line":18}},"branchMap":{},"s":{"0":1,"1":1,"2":0,"3":0,"4":1,"5":1},"f":{"0":0,"1":0,"2":1},"b":{},"meta":{"lastBranch":0,"lastFunction":3,"lastStatement":6,"seen":{"s:1:15:1:45":0,"s:2:15:2:32":1,"f:4:15:4:26":0,"s:5:2:8:Infinity":2,"f:11:15:11:27":1,"s:12:2:15:Infinity":3,"f:18:15:18:37":2,"s:19:2:28:Infinity":4,"s:31:0:35:Infinity":5},"fnNames":{}}}
,"C:\\Users\\murie\\Documents\\Studium\\4.Semester\\Web-Architecture\\meinprojekt\\backend\\modules\\cats\\cats.routes.js": {"path":"C:\\Users\\murie\\Documents\\Studium\\4.Semester\\Web-Architecture\\meinprojekt\\backend\\modules\\cats\\cats.routes.js","statementMap":{"0":{"start":{"line":1,"column":16},"end":{"line":1,"column":34}},"1":{"start":{"line":2,"column":15},"end":{"line":2,"column":32}},"2":{"start":{"line":3,"column":15},"end":{"line":3,"column":45}},"3":{"start":{"line":4,"column":20},"end":{"line":4,"column":45}},"4":{"start":{"line":5,"column":20},"end":{"line":5,"column":51}},"5":{"start":{"line":7,"column":25},"end":{"line":378,"column":1}},"6":{"start":{"line":15,"column":17},"end":{"line":15,"column":33}},"7":{"start":{"line":17,"column":25},"end":{"line":21,"column":3}},"8":{"start":{"line":23,"column":27},"end":{"line":26,"column":4}},"9":{"start":{"line":23,"column":44},"end":{"line":26,"column":3}},"10":{"start":{"line":28,"column":28},"end":{"line":49,"column":3}},"11":{"start":{"line":29,"column":4},"end":{"line":38,"column":null}},"12":{"start":{"line":30,"column":27},"end":{"line":30,"column":60}},"13":{"start":{"line":31,"column":6},"end":{"line":33,"column":null}},"14":{"start":{"line":32,"column":8},"end":{"line":32,"column":null}},"15":{"start":{"line":35,"column":28},"end":{"line":35,"column":71}},"16":{"start":{"line":37,"column":6},"end":{"line":37,"column":null}},"17":{"start":{"line":40,"column":25},"end":{"line":40,"column":57}},"18":{"start":{"line":42,"column":4},"end":{"line":44,"column":null}},"19":{"start":{"line":43,"column":6},"end":{"line":43,"column":null}},"20":{"start":{"line":46,"column":25},"end":{"line":46,"column":67}},"21":{"start":{"line":48,"column":4},"end":{"line":48,"column":null}},"22":{"start":{"line":51,"column":2},"end":{"line":65,"column":null}},"23":{"start":{"line":52,"column":4},"end":{"line":52,"column":null}},"24":{"start":{"line":53,"column":4},"end":{"line":53,"column":null}},"25":{"start":{"line":54,"column":4},"end":{"line":54,"column":null}},"26":{"start":{"line":55,"column":4},"end":{"line":55,"column":null}},"27":{"start":{"line":56,"column":4},"end":{"line":56,"column":null}},"28":{"start":{"line":58,"column":4},"end":{"line":58,"column":null}},"29":{"start":{"line":60,"column":4},"end":{"line":60,"column":null}},"30":{"start":{"line":62,"column":4},"end":{"line":64,"column":null}},"31":{"start":{"line":63,"column":6},"end":{"line":63,"column":null}},"32":{"start":{"line":67,"column":2},"end":{"line":98,"column":null}},"33":{"start":{"line":68,"column":4},"end":{"line":97,"column":null}},"34":{"start":{"line":69,"column":20},"end":{"line":69,"column":47}},"35":{"start":{"line":71,"column":31},"end":{"line":79,"column":8}},"36":{"start":{"line":81,"column":36},"end":{"line":89,"column":8}},"37":{"start":{"line":82,"column":34},"end":{"line":82,"column":89}},"38":{"start":{"line":84,"column":8},"end":{"line":88,"column":null}},"39":{"start":{"line":91,"column":6},"end":{"line":91,"column":null}},"40":{"start":{"line":93,"column":6},"end":{"line":93,"column":null}},"41":{"start":{"line":94,"column":6},"end":{"line":96,"column":null}},"42":{"start":{"line":100,"column":2},"end":{"line":132,"column":null}},"43":{"start":{"line":101,"column":4},"end":{"line":131,"column":null}},"44":{"start":{"line":102,"column":17},"end":{"line":102,"column":48}},"45":{"start":{"line":103,"column":6},"end":{"line":105,"column":null}},"46":{"start":{"line":104,"column":8},"end":{"line":104,"column":null}},"47":{"start":{"line":107,"column":18},"end":{"line":114,"column":8}},"48":{"start":{"line":116,"column":6},"end":{"line":118,"column":null}},"49":{"start":{"line":117,"column":8},"end":{"line":117,"column":null}},"50":{"start":{"line":120,"column":32},"end":{"line":120,"column":87}},"51":{"start":{"line":121,"column":6},"end":{"line":125,"column":null}},"52":{"start":{"line":127,"column":6},"end":{"line":127,"column":null}},"53":{"start":{"line":128,"column":6},"end":{"line":130,"column":null}},"54":{"start":{"line":134,"column":2},"end":{"line":165,"column":null}},"55":{"start":{"line":135,"column":4},"end":{"line":164,"column":null}},"56":{"start":{"line":136,"column":25},"end":{"line":140,"column":8}},"57":{"start":{"line":142,"column":6},"end":{"line":142,"column":null}},"58":{"start":{"line":144,"column":6},"end":{"line":146,"column":null}},"59":{"start":{"line":145,"column":8},"end":{"line":145,"column":null}},"60":{"start":{"line":147,"column":6},"end":{"line":149,"column":null}},"61":{"start":{"line":148,"column":8},"end":{"line":148,"column":null}},"62":{"start":{"line":150,"column":6},"end":{"line":158,"column":null}},"63":{"start":{"line":151,"column":8},"end":{"line":157,"column":null}},"64":{"start":{"line":160,"column":6},"end":{"line":160,"column":null}},"65":{"start":{"line":161,"column":6},"end":{"line":163,"column":null}},"66":{"start":{"line":167,"column":2},"end":{"line":253,"column":null}},"67":{"start":{"line":168,"column":4},"end":{"line":252,"column":null}},"68":{"start":{"line":169,"column":17},"end":{"line":169,"column":48}},"69":{"start":{"line":170,"column":6},"end":{"line":172,"column":null}},"70":{"start":{"line":171,"column":8},"end":{"line":171,"column":null}},"71":{"start":{"line":174,"column":30},"end":{"line":174,"column":82}},"72":{"start":{"line":175,"column":6},"end":{"line":177,"column":null}},"73":{"start":{"line":176,"column":8},"end":{"line":176,"column":null}},"74":{"start":{"line":179,"column":26},"end":{"line":181,"column":8}},"75":{"start":{"line":182,"column":6},"end":{"line":184,"column":null}},"76":{"start":{"line":183,"column":8},"end":{"line":183,"column":null}},"77":{"start":{"line":186,"column":27},"end":{"line":190,"column":7}},"78":{"start":{"line":192,"column":27},"end":{"line":192,"column":71}},"79":{"start":{"line":193,"column":24},"end":{"line":193,"column":89}},"80":{"start":{"line":194,"column":23},"end":{"line":194,"column":81}},"81":{"start":{"line":195,"column":32},"end":{"line":199,"column":42}},"82":{"start":{"line":201,"column":27},"end":{"line":201,"column":96}},"83":{"start":{"line":202,"column":28},"end":{"line":204,"column":27}},"84":{"start":{"line":206,"column":23},"end":{"line":206,"column":41}},"85":{"start":{"line":207,"column":6},"end":{"line":218,"column":null}},"86":{"start":{"line":208,"column":29},"end":{"line":208,"column":62}},"87":{"start":{"line":209,"column":8},"end":{"line":211,"column":null}},"88":{"start":{"line":210,"column":10},"end":{"line":210,"column":null}},"89":{"start":{"line":213,"column":8},"end":{"line":215,"column":null}},"90":{"start":{"line":214,"column":10},"end":{"line":214,"column":null}},"91":{"start":{"line":217,"column":8},"end":{"line":217,"column":null}},"92":{"start":{"line":220,"column":25},"end":{"line":231,"column":8}},"93":{"start":{"line":233,"column":6},"end":{"line":236,"column":null}},"94":{"start":{"line":238,"column":6},"end":{"line":246,"column":null}},"95":{"start":{"line":239,"column":8},"end":{"line":245,"column":null}},"96":{"start":{"line":248,"column":6},"end":{"line":248,"column":null}},"97":{"start":{"line":249,"column":6},"end":{"line":251,"column":null}},"98":{"start":{"line":255,"column":2},"end":{"line":272,"column":null}},"99":{"start":{"line":256,"column":4},"end":{"line":271,"column":null}},"100":{"start":{"line":257,"column":6},"end":{"line":257,"column":null}},"101":{"start":{"line":258,"column":6},"end":{"line":258,"column":null}},"102":{"start":{"line":260,"column":6},"end":{"line":262,"column":null}},"103":{"start":{"line":261,"column":8},"end":{"line":261,"column":null}},"104":{"start":{"line":263,"column":6},"end":{"line":265,"column":null}},"105":{"start":{"line":264,"column":8},"end":{"line":264,"column":null}},"106":{"start":{"line":267,"column":6},"end":{"line":267,"column":null}},"107":{"start":{"line":268,"column":6},"end":{"line":270,"column":null}},"108":{"start":{"line":274,"column":2},"end":{"line":306,"column":null}},"109":{"start":{"line":275,"column":4},"end":{"line":305,"column":null}},"110":{"start":{"line":276,"column":17},"end":{"line":276,"column":48}},"111":{"start":{"line":277,"column":6},"end":{"line":279,"column":null}},"112":{"start":{"line":278,"column":8},"end":{"line":278,"column":null}},"113":{"start":{"line":281,"column":18},"end":{"line":288,"column":8}},"114":{"start":{"line":290,"column":6},"end":{"line":292,"column":null}},"115":{"start":{"line":291,"column":8},"end":{"line":291,"column":null}},"116":{"start":{"line":294,"column":6},"end":{"line":299,"column":null}},"117":{"start":{"line":295,"column":42},"end":{"line":298,"column":9}},"118":{"start":{"line":301,"column":6},"end":{"line":301,"column":null}},"119":{"start":{"line":302,"column":6},"end":{"line":304,"column":null}},"120":{"start":{"line":308,"column":2},"end":{"line":375,"column":null}},"121":{"start":{"line":309,"column":4},"end":{"line":374,"column":null}},"122":{"start":{"line":310,"column":17},"end":{"line":310,"column":48}},"123":{"start":{"line":311,"column":6},"end":{"line":313,"column":null}},"124":{"start":{"line":312,"column":8},"end":{"line":312,"column":null}},"125":{"start":{"line":315,"column":24},"end":{"line":318,"column":8}},"126":{"start":{"line":319,"column":6},"end":{"line":321,"column":null}},"127":{"start":{"line":320,"column":8},"end":{"line":320,"column":null}},"128":{"start":{"line":323,"column":31},"end":{"line":323,"column":45}},"129":{"start":{"line":324,"column":27},"end":{"line":324,"column":41}},"130":{"start":{"line":325,"column":6},"end":{"line":331,"column":null}},"131":{"start":{"line":326,"column":8},"end":{"line":330,"column":null}},"132":{"start":{"line":333,"column":25},"end":{"line":333,"column":71}},"133":{"start":{"line":334,"column":25},"end":{"line":334,"column":64}},"134":{"start":{"line":335,"column":6},"end":{"line":339,"column":null}},"135":{"start":{"line":336,"column":8},"end":{"line":338,"column":null}},"136":{"start":{"line":341,"column":6},"end":{"line":356,"column":null}},"137":{"start":{"line":358,"column":22},"end":{"line":361,"column":8}},"138":{"start":{"line":363,"column":6},"end":{"line":368,"column":null}},"139":{"start":{"line":364,"column":32},"end":{"line":367,"column":9}},"140":{"start":{"line":370,"column":6},"end":{"line":370,"column":null}},"141":{"start":{"line":371,"column":6},"end":{"line":373,"column":null}},"142":{"start":{"line":377,"column":2},"end":{"line":377,"column":null}},"143":{"start":{"line":380,"column":0},"end":{"line":380,"column":null}}},"fnMap":{"0":{"name":"(anonymous_0)","decl":{"start":{"line":7,"column":25},"end":{"line":7,"column":26}},"loc":{"start":{"line":14,"column":6},"end":{"line":378,"column":1}},"line":14},"1":{"name":"(anonymous_1)","decl":{"start":{"line":23,"column":27},"end":{"line":23,"column":28}},"loc":{"start":{"line":23,"column":44},"end":{"line":26,"column":3}},"line":23},"2":{"name":"(anonymous_2)","decl":{"start":{"line":28,"column":28},"end":{"line":28,"column":33}},"loc":{"start":{"line":28,"column":55},"end":{"line":49,"column":3}},"line":28},"3":{"name":"(anonymous_3)","decl":{"start":{"line":51,"column":24},"end":{"line":51,"column":25}},"loc":{"start":{"line":51,"column":38},"end":{"line":65,"column":3}},"line":51},"4":{"name":"(anonymous_4)","decl":{"start":{"line":62,"column":20},"end":{"line":62,"column":21}},"loc":{"start":{"line":62,"column":26},"end":{"line":64,"column":5}},"line":62},"5":{"name":"(anonymous_5)","decl":{"start":{"line":67,"column":18},"end":{"line":67,"column":23}},"loc":{"start":{"line":67,"column":38},"end":{"line":98,"column":3}},"line":67},"6":{"name":"(anonymous_6)","decl":{"start":{"line":81,"column":57},"end":{"line":81,"column":58}},"loc":{"start":{"line":81,"column":66},"end":{"line":89,"column":7}},"line":81},"7":{"name":"(anonymous_7)","decl":{"start":{"line":100,"column":21},"end":{"line":100,"column":26}},"loc":{"start":{"line":100,"column":41},"end":{"line":132,"column":3}},"line":100},"8":{"name":"(anonymous_8)","decl":{"start":{"line":134,"column":19},"end":{"line":134,"column":24}},"loc":{"start":{"line":134,"column":39},"end":{"line":165,"column":3}},"line":134},"9":{"name":"(anonymous_9)","decl":{"start":{"line":167,"column":21},"end":{"line":167,"column":26}},"loc":{"start":{"line":167,"column":41},"end":{"line":253,"column":3}},"line":167},"10":{"name":"(anonymous_10)","decl":{"start":{"line":255,"column":24},"end":{"line":255,"column":29}},"loc":{"start":{"line":255,"column":44},"end":{"line":272,"column":3}},"line":255},"11":{"name":"(anonymous_11)","decl":{"start":{"line":274,"column":35},"end":{"line":274,"column":40}},"loc":{"start":{"line":274,"column":55},"end":{"line":306,"column":3}},"line":274},"12":{"name":"(anonymous_12)","decl":{"start":{"line":295,"column":30},"end":{"line":295,"column":31}},"loc":{"start":{"line":295,"column":42},"end":{"line":298,"column":9}},"line":295},"13":{"name":"(anonymous_13)","decl":{"start":{"line":308,"column":36},"end":{"line":308,"column":41}},"loc":{"start":{"line":308,"column":56},"end":{"line":375,"column":3}},"line":308},"14":{"name":"(anonymous_14)","decl":{"start":{"line":364,"column":20},"end":{"line":364,"column":21}},"loc":{"start":{"line":364,"column":32},"end":{"line":367,"column":9}},"line":364}},"branchMap":{"0":{"loc":{"start":{"line":29,"column":4},"end":{"line":38,"column":null}},"type":"if","locations":[{"start":{"line":29,"column":4},"end":{"line":38,"column":null}},{"start":{},"end":{}}],"line":29},"1":{"loc":{"start":{"line":31,"column":6},"end":{"line":33,"column":null}},"type":"if","locations":[{"start":{"line":31,"column":6},"end":{"line":33,"column":null}},{"start":{},"end":{}}],"line":31},"2":{"loc":{"start":{"line":37,"column":13},"end":{"line":37,"column":52}},"type":"cond-expr","locations":[{"start":{"line":37,"column":29},"end":{"line":37,"column":45}},{"start":{"line":37,"column":48},"end":{"line":37,"column":52}}],"line":37},"3":{"loc":{"start":{"line":42,"column":4},"end":{"line":44,"column":null}},"type":"if","locations":[{"start":{"line":42,"column":4},"end":{"line":44,"column":null}},{"start":{},"end":{}}],"line":42},"4":{"loc":{"start":{"line":55,"column":49},"end":{"line":55,"column":91}},"type":"binary-expr","locations":[{"start":{"line":55,"column":49},"end":{"line":55,"column":64}},{"start":{"line":55,"column":68},"end":{"line":55,"column":91}}],"line":55},"5":{"loc":{"start":{"line":82,"column":34},"end":{"line":82,"column":89}},"type":"binary-expr","locations":[{"start":{"line":82,"column":34},"end":{"line":82,"column":81}},{"start":{"line":82,"column":85},"end":{"line":82,"column":89}}],"line":82},"6":{"loc":{"start":{"line":86,"column":16},"end":{"line":86,"column":52}},"type":"binary-expr","locations":[{"start":{"line":86,"column":16},"end":{"line":86,"column":40}},{"start":{"line":86,"column":44},"end":{"line":86,"column":52}}],"line":86},"7":{"loc":{"start":{"line":87,"column":25},"end":{"line":87,"column":null}},"type":"cond-expr","locations":[{"start":{"line":87,"column":45},"end":{"line":87,"column":69}},{"start":{"line":87,"column":72},"end":{"line":87,"column":null}}],"line":87},"8":{"loc":{"start":{"line":103,"column":6},"end":{"line":105,"column":null}},"type":"if","locations":[{"start":{"line":103,"column":6},"end":{"line":105,"column":null}},{"start":{},"end":{}}],"line":103},"9":{"loc":{"start":{"line":116,"column":6},"end":{"line":118,"column":null}},"type":"if","locations":[{"start":{"line":116,"column":6},"end":{"line":118,"column":null}},{"start":{},"end":{}}],"line":116},"10":{"loc":{"start":{"line":120,"column":32},"end":{"line":120,"column":87}},"type":"binary-expr","locations":[{"start":{"line":120,"column":32},"end":{"line":120,"column":79}},{"start":{"line":120,"column":83},"end":{"line":120,"column":87}}],"line":120},"11":{"loc":{"start":{"line":123,"column":14},"end":{"line":123,"column":50}},"type":"binary-expr","locations":[{"start":{"line":123,"column":14},"end":{"line":123,"column":38}},{"start":{"line":123,"column":42},"end":{"line":123,"column":50}}],"line":123},"12":{"loc":{"start":{"line":124,"column":23},"end":{"line":124,"column":null}},"type":"cond-expr","locations":[{"start":{"line":124,"column":43},"end":{"line":124,"column":67}},{"start":{"line":124,"column":70},"end":{"line":124,"column":null}}],"line":124},"13":{"loc":{"start":{"line":144,"column":6},"end":{"line":146,"column":null}},"type":"if","locations":[{"start":{"line":144,"column":6},"end":{"line":146,"column":null}},{"start":{},"end":{}}],"line":144},"14":{"loc":{"start":{"line":147,"column":6},"end":{"line":149,"column":null}},"type":"if","locations":[{"start":{"line":147,"column":6},"end":{"line":149,"column":null}},{"start":{},"end":{}}],"line":147},"15":{"loc":{"start":{"line":150,"column":6},"end":{"line":158,"column":null}},"type":"if","locations":[{"start":{"line":150,"column":6},"end":{"line":158,"column":null}},{"start":{},"end":{}}],"line":150},"16":{"loc":{"start":{"line":170,"column":6},"end":{"line":172,"column":null}},"type":"if","locations":[{"start":{"line":170,"column":6},"end":{"line":172,"column":null}},{"start":{},"end":{}}],"line":170},"17":{"loc":{"start":{"line":175,"column":6},"end":{"line":177,"column":null}},"type":"if","locations":[{"start":{"line":175,"column":6},"end":{"line":177,"column":null}},{"start":{},"end":{}}],"line":175},"18":{"loc":{"start":{"line":182,"column":6},"end":{"line":184,"column":null}},"type":"if","locations":[{"start":{"line":182,"column":6},"end":{"line":184,"column":null}},{"start":{},"end":{}}],"line":182},"19":{"loc":{"start":{"line":192,"column":27},"end":{"line":192,"column":71}},"type":"binary-expr","locations":[{"start":{"line":192,"column":27},"end":{"line":192,"column":59}},{"start":{"line":192,"column":63},"end":{"line":192,"column":71}}],"line":192},"20":{"loc":{"start":{"line":193,"column":24},"end":{"line":193,"column":89}},"type":"cond-expr","locations":[{"start":{"line":193,"column":55},"end":{"line":193,"column":69}},{"start":{"line":193,"column":72},"end":{"line":193,"column":89}}],"line":193},"21":{"loc":{"start":{"line":194,"column":23},"end":{"line":194,"column":81}},"type":"cond-expr","locations":[{"start":{"line":194,"column":53},"end":{"line":194,"column":66}},{"start":{"line":194,"column":69},"end":{"line":194,"column":81}}],"line":194},"22":{"loc":{"start":{"line":195,"column":32},"end":{"line":199,"column":42}},"type":"cond-expr","locations":[{"start":{"line":196,"column":11},"end":{"line":198,"column":35}},{"start":{"line":199,"column":10},"end":{"line":199,"column":42}}],"line":195},"23":{"loc":{"start":{"line":195,"column":32},"end":{"line":195,"column":null}},"type":"binary-expr","locations":[{"start":{"line":195,"column":32},"end":{"line":195,"column":66}},{"start":{"line":195,"column":70},"end":{"line":195,"column":null}}],"line":195},"24":{"loc":{"start":{"line":196,"column":11},"end":{"line":198,"column":35}},"type":"cond-expr","locations":[{"start":{"line":197,"column":12},"end":{"line":197,"column":null}},{"start":{"line":198,"column":12},"end":{"line":198,"column":35}}],"line":196},"25":{"loc":{"start":{"line":196,"column":11},"end":{"line":196,"column":null}},"type":"binary-expr","locations":[{"start":{"line":196,"column":11},"end":{"line":196,"column":39}},{"start":{"line":196,"column":43},"end":{"line":196,"column":null}}],"line":196},"26":{"loc":{"start":{"line":201,"column":27},"end":{"line":201,"column":96}},"type":"cond-expr","locations":[{"start":{"line":201,"column":57},"end":{"line":201,"column":77}},{"start":{"line":201,"column":80},"end":{"line":201,"column":96}}],"line":201},"27":{"loc":{"start":{"line":202,"column":28},"end":{"line":204,"column":27}},"type":"cond-expr","locations":[{"start":{"line":203,"column":10},"end":{"line":203,"column":null}},{"start":{"line":204,"column":10},"end":{"line":204,"column":27}}],"line":202},"28":{"loc":{"start":{"line":203,"column":10},"end":{"line":203,"column":null}},"type":"binary-expr","locations":[{"start":{"line":203,"column":10},"end":{"line":203,"column":24}},{"start":{"line":203,"column":28},"end":{"line":203,"column":null}}],"line":203},"29":{"loc":{"start":{"line":207,"column":6},"end":{"line":218,"column":null}},"type":"if","locations":[{"start":{"line":207,"column":6},"end":{"line":218,"column":null}},{"start":{},"end":{}}],"line":207},"30":{"loc":{"start":{"line":209,"column":8},"end":{"line":211,"column":null}},"type":"if","locations":[{"start":{"line":209,"column":8},"end":{"line":211,"column":null}},{"start":{},"end":{}}],"line":209},"31":{"loc":{"start":{"line":213,"column":8},"end":{"line":215,"column":null}},"type":"if","locations":[{"start":{"line":213,"column":8},"end":{"line":215,"column":null}},{"start":{},"end":{}}],"line":213},"32":{"loc":{"start":{"line":225,"column":15},"end":{"line":225,"column":82}},"type":"cond-expr","locations":[{"start":{"line":225,"column":44},"end":{"line":225,"column":64}},{"start":{"line":225,"column":67},"end":{"line":225,"column":82}}],"line":225},"33":{"loc":{"start":{"line":238,"column":6},"end":{"line":246,"column":null}},"type":"if","locations":[{"start":{"line":238,"column":6},"end":{"line":246,"column":null}},{"start":{},"end":{}}],"line":238},"34":{"loc":{"start":{"line":260,"column":6},"end":{"line":262,"column":null}},"type":"if","locations":[{"start":{"line":260,"column":6},"end":{"line":262,"column":null}},{"start":{},"end":{}}],"line":260},"35":{"loc":{"start":{"line":263,"column":6},"end":{"line":265,"column":null}},"type":"if","locations":[{"start":{"line":263,"column":6},"end":{"line":265,"column":null}},{"start":{},"end":{}}],"line":263},"36":{"loc":{"start":{"line":277,"column":6},"end":{"line":279,"column":null}},"type":"if","locations":[{"start":{"line":277,"column":6},"end":{"line":279,"column":null}},{"start":{},"end":{}}],"line":277},"37":{"loc":{"start":{"line":290,"column":6},"end":{"line":292,"column":null}},"type":"if","locations":[{"start":{"line":290,"column":6},"end":{"line":292,"column":null}},{"start":{},"end":{}}],"line":290},"38":{"loc":{"start":{"line":311,"column":6},"end":{"line":313,"column":null}},"type":"if","locations":[{"start":{"line":311,"column":6},"end":{"line":313,"column":null}},{"start":{},"end":{}}],"line":311},"39":{"loc":{"start":{"line":319,"column":6},"end":{"line":321,"column":null}},"type":"if","locations":[{"start":{"line":319,"column":6},"end":{"line":321,"column":null}},{"start":{},"end":{}}],"line":319},"40":{"loc":{"start":{"line":323,"column":31},"end":{"line":323,"column":45}},"type":"binary-expr","locations":[{"start":{"line":323,"column":31},"end":{"line":323,"column":39}},{"start":{"line":323,"column":43},"end":{"line":323,"column":45}}],"line":323},"41":{"loc":{"start":{"line":325,"column":6},"end":{"line":331,"column":null}},"type":"if","locations":[{"start":{"line":325,"column":6},"end":{"line":331,"column":null}},{"start":{},"end":{}}],"line":325},"42":{"loc":{"start":{"line":325,"column":10},"end":{"line":325,"column":78}},"type":"binary-expr","locations":[{"start":{"line":325,"column":10},"end":{"line":325,"column":36}},{"start":{"line":325,"column":40},"end":{"line":325,"column":57}},{"start":{"line":325,"column":61},"end":{"line":325,"column":78}}],"line":325},"43":{"loc":{"start":{"line":333,"column":25},"end":{"line":333,"column":71}},"type":"binary-expr","locations":[{"start":{"line":333,"column":25},"end":{"line":333,"column":29}},{"start":{"line":333,"column":33},"end":{"line":333,"column":71}}],"line":333},"44":{"loc":{"start":{"line":335,"column":6},"end":{"line":339,"column":null}},"type":"if","locations":[{"start":{"line":335,"column":6},"end":{"line":339,"column":null}},{"start":{},"end":{}}],"line":335}},"s":{"0":1,"1":1,"2":1,"3":1,"4":1,"5":1,"6":29,"7":29,"8":29,"9":14,"10":29,"11":0,"12":0,"13":0,"14":0,"15":0,"16":0,"17":0,"18":0,"19":0,"20":0,"21":0,"22":29,"23":1,"24":1,"25":1,"26":1,"27":1,"28":1,"29":1,"30":1,"31":1,"32":29,"33":2,"34":2,"35":2,"36":1,"37":1,"38":1,"39":1,"40":1,"41":1,"42":29,"43":4,"44":4,"45":4,"46":1,"47":3,"48":2,"49":1,"50":1,"51":4,"52":1,"53":1,"54":29,"55":3,"56":3,"57":1,"58":2,"59":1,"60":1,"61":0,"62":1,"63":0,"64":1,"65":1,"66":29,"67":5,"68":5,"69":5,"70":1,"71":4,"72":4,"73":1,"74":3,"75":2,"76":1,"77":1,"78":1,"79":5,"80":5,"81":5,"82":5,"83":5,"84":5,"85":5,"86":0,"87":0,"88":0,"89":0,"90":0,"91":0,"92":1,"93":1,"94":1,"95":0,"96":1,"97":1,"98":29,"99":4,"100":4,"101":1,"102":3,"103":1,"104":2,"105":1,"106":1,"107":1,"108":29,"109":4,"110":4,"111":4,"112":1,"113":3,"114":2,"115":1,"116":1,"117":1,"118":1,"119":1,"120":29,"121":6,"122":6,"123":6,"124":1,"125":5,"126":4,"127":1,"128":3,"129":6,"130":6,"131":1,"132":2,"133":6,"134":6,"135":1,"136":1,"137":1,"138":1,"139":1,"140":1,"141":1,"142":29,"143":1},"f":{"0":29,"1":14,"2":0,"3":1,"4":1,"5":2,"6":1,"7":4,"8":3,"9":5,"10":4,"11":4,"12":1,"13":6,"14":1},"b":{"0":[0,0],"1":[0,0],"2":[0,0],"3":[0,0],"4":[1,0],"5":[1,0],"6":[1,0],"7":[1,0],"8":[1,3],"9":[1,1],"10":[1,1],"11":[4,0],"12":[0,1],"13":[1,1],"14":[0,1],"15":[0,1],"16":[1,4],"17":[1,3],"18":[1,1],"19":[1,0],"20":[0,1],"21":[1,0],"22":[1,0],"23":[5,0],"24":[1,0],"25":[1,1],"26":[1,0],"27":[0,1],"28":[0,0],"29":[0,5],"30":[0,0],"31":[0,0],"32":[0,1],"33":[0,1],"34":[1,2],"35":[1,1],"36":[1,3],"37":[1,1],"38":[1,5],"39":[1,3],"40":[3,0],"41":[1,5],"42":[6,3,2],"43":[2,0],"44":[1,5]},"meta":{"lastBranch":45,"lastFunction":15,"lastStatement":144,"seen":{"s:1:16:1:34":0,"s:2:15:2:32":1,"s:3:15:3:45":2,"s:4:20:4:45":3,"s:5:20:5:51":4,"s:7:25:378:1":5,"f:7:25:7:26":0,"s:15:17:15:33":6,"s:17:25:21:3":7,"s:23:27:26:4":8,"f:23:27:23:28":1,"s:23:44:26:3":9,"s:28:28:49:3":10,"f:28:28:28:33":2,"b:29:4:38:Infinity:undefined:undefined:undefined:undefined":0,"s:29:4:38:Infinity":11,"s:30:27:30:60":12,"b:31:6:33:Infinity:undefined:undefined:undefined:undefined":1,"s:31:6:33:Infinity":13,"s:32:8:32:Infinity":14,"s:35:28:35:71":15,"s:37:6:37:Infinity":16,"b:37:29:37:45:37:48:37:52":2,"s:40:25:40:57":17,"b:42:4:44:Infinity:undefined:undefined:undefined:undefined":3,"s:42:4:44:Infinity":18,"s:43:6:43:Infinity":19,"s:46:25:46:67":20,"s:48:4:48:Infinity":21,"s:51:2:65:Infinity":22,"f:51:24:51:25":3,"s:52:4:52:Infinity":23,"s:53:4:53:Infinity":24,"s:54:4:54:Infinity":25,"s:55:4:55:Infinity":26,"b:55:49:55:64:55:68:55:91":4,"s:56:4:56:Infinity":27,"s:58:4:58:Infinity":28,"s:60:4:60:Infinity":29,"s:62:4:64:Infinity":30,"f:62:20:62:21":4,"s:63:6:63:Infinity":31,"s:67:2:98:Infinity":32,"f:67:18:67:23":5,"s:68:4:97:Infinity":33,"s:69:20:69:47":34,"s:71:31:79:8":35,"s:81:36:89:8":36,"f:81:57:81:58":6,"s:82:34:82:89":37,"b:82:34:82:81:82:85:82:89":5,"s:84:8:88:Infinity":38,"b:86:16:86:40:86:44:86:52":6,"b:87:45:87:69:87:72:87:Infinity":7,"s:91:6:91:Infinity":39,"s:93:6:93:Infinity":40,"s:94:6:96:Infinity":41,"s:100:2:132:Infinity":42,"f:100:21:100:26":7,"s:101:4:131:Infinity":43,"s:102:17:102:48":44,"b:103:6:105:Infinity:undefined:undefined:undefined:undefined":8,"s:103:6:105:Infinity":45,"s:104:8:104:Infinity":46,"s:107:18:114:8":47,"b:116:6:118:Infinity:undefined:undefined:undefined:undefined":9,"s:116:6:118:Infinity":48,"s:117:8:117:Infinity":49,"s:120:32:120:87":50,"b:120:32:120:79:120:83:120:87":10,"s:121:6:125:Infinity":51,"b:123:14:123:38:123:42:123:50":11,"b:124:43:124:67:124:70:124:Infinity":12,"s:127:6:127:Infinity":52,"s:128:6:130:Infinity":53,"s:134:2:165:Infinity":54,"f:134:19:134:24":8,"s:135:4:164:Infinity":55,"s:136:25:140:8":56,"s:142:6:142:Infinity":57,"b:144:6:146:Infinity:undefined:undefined:undefined:undefined":13,"s:144:6:146:Infinity":58,"s:145:8:145:Infinity":59,"b:147:6:149:Infinity:undefined:undefined:undefined:undefined":14,"s:147:6:149:Infinity":60,"s:148:8:148:Infinity":61,"b:150:6:158:Infinity:undefined:undefined:undefined:undefined":15,"s:150:6:158:Infinity":62,"s:151:8:157:Infinity":63,"s:160:6:160:Infinity":64,"s:161:6:163:Infinity":65,"s:167:2:253:Infinity":66,"f:167:21:167:26":9,"s:168:4:252:Infinity":67,"s:169:17:169:48":68,"b:170:6:172:Infinity:undefined:undefined:undefined:undefined":16,"s:170:6:172:Infinity":69,"s:171:8:171:Infinity":70,"s:174:30:174:82":71,"b:175:6:177:Infinity:undefined:undefined:undefined:undefined":17,"s:175:6:177:Infinity":72,"s:176:8:176:Infinity":73,"s:179:26:181:8":74,"b:182:6:184:Infinity:undefined:undefined:undefined:undefined":18,"s:182:6:184:Infinity":75,"s:183:8:183:Infinity":76,"s:186:27:190:7":77,"s:192:27:192:71":78,"b:192:27:192:59:192:63:192:71":19,"s:193:24:193:89":79,"b:193:55:193:69:193:72:193:89":20,"s:194:23:194:81":80,"b:194:53:194:66:194:69:194:81":21,"s:195:32:199:42":81,"b:196:11:198:35:199:10:199:42":22,"b:195:32:195:66:195:70:195:Infinity":23,"b:197:12:197:Infinity:198:12:198:35":24,"b:196:11:196:39:196:43:196:Infinity":25,"s:201:27:201:96":82,"b:201:57:201:77:201:80:201:96":26,"s:202:28:204:27":83,"b:203:10:203:Infinity:204:10:204:27":27,"b:203:10:203:24:203:28:203:Infinity":28,"s:206:23:206:41":84,"b:207:6:218:Infinity:undefined:undefined:undefined:undefined":29,"s:207:6:218:Infinity":85,"s:208:29:208:62":86,"b:209:8:211:Infinity:undefined:undefined:undefined:undefined":30,"s:209:8:211:Infinity":87,"s:210:10:210:Infinity":88,"b:213:8:215:Infinity:undefined:undefined:undefined:undefined":31,"s:213:8:215:Infinity":89,"s:214:10:214:Infinity":90,"s:217:8:217:Infinity":91,"s:220:25:231:8":92,"b:225:44:225:64:225:67:225:82":32,"s:233:6:236:Infinity":93,"b:238:6:246:Infinity:undefined:undefined:undefined:undefined":33,"s:238:6:246:Infinity":94,"s:239:8:245:Infinity":95,"s:248:6:248:Infinity":96,"s:249:6:251:Infinity":97,"s:255:2:272:Infinity":98,"f:255:24:255:29":10,"s:256:4:271:Infinity":99,"s:257:6:257:Infinity":100,"s:258:6:258:Infinity":101,"b:260:6:262:Infinity:undefined:undefined:undefined:undefined":34,"s:260:6:262:Infinity":102,"s:261:8:261:Infinity":103,"b:263:6:265:Infinity:undefined:undefined:undefined:undefined":35,"s:263:6:265:Infinity":104,"s:264:8:264:Infinity":105,"s:267:6:267:Infinity":106,"s:268:6:270:Infinity":107,"s:274:2:306:Infinity":108,"f:274:35:274:40":11,"s:275:4:305:Infinity":109,"s:276:17:276:48":110,"b:277:6:279:Infinity:undefined:undefined:undefined:undefined":36,"s:277:6:279:Infinity":111,"s:278:8:278:Infinity":112,"s:281:18:288:8":113,"b:290:6:292:Infinity:undefined:undefined:undefined:undefined":37,"s:290:6:292:Infinity":114,"s:291:8:291:Infinity":115,"s:294:6:299:Infinity":116,"f:295:30:295:31":12,"s:295:42:298:9":117,"s:301:6:301:Infinity":118,"s:302:6:304:Infinity":119,"s:308:2:375:Infinity":120,"f:308:36:308:41":13,"s:309:4:374:Infinity":121,"s:310:17:310:48":122,"b:311:6:313:Infinity:undefined:undefined:undefined:undefined":38,"s:311:6:313:Infinity":123,"s:312:8:312:Infinity":124,"s:315:24:318:8":125,"b:319:6:321:Infinity:undefined:undefined:undefined:undefined":39,"s:319:6:321:Infinity":126,"s:320:8:320:Infinity":127,"s:323:31:323:45":128,"b:323:31:323:39:323:43:323:45":40,"s:324:27:324:41":129,"b:325:6:331:Infinity:undefined:undefined:undefined:undefined":41,"s:325:6:331:Infinity":130,"b:325:10:325:36:325:40:325:57:325:61:325:78":42,"s:326:8:330:Infinity":131,"s:333:25:333:71":132,"b:333:25:333:29:333:33:333:71":43,"s:334:25:334:64":133,"b:335:6:339:Infinity:undefined:undefined:undefined:undefined":44,"s:335:6:339:Infinity":134,"s:336:8:338:Infinity":135,"s:341:6:356:Infinity":136,"s:358:22:361:8":137,"s:363:6:368:Infinity":138,"f:364:20:364:21":14,"s:364:32:367:9":139,"s:370:6:370:Infinity":140,"s:371:6:373:Infinity":141,"s:377:2:377:Infinity":142,"s:380:0:380:Infinity":143},"fnNames":{}}}
,"C:\\Users\\murie\\Documents\\Studium\\4.Semester\\Web-Architecture\\meinprojekt\\backend\\modules\\cats\\cats.service.js": {"path":"C:\\Users\\murie\\Documents\\Studium\\4.Semester\\Web-Architecture\\meinprojekt\\backend\\modules\\cats\\cats.service.js","statementMap":{"0":{"start":{"line":1,"column":15},"end":{"line":1,"column":45}},"1":{"start":{"line":5,"column":4},"end":{"line":5,"column":null}},"2":{"start":{"line":6,"column":4},"end":{"line":6,"column":null}},"3":{"start":{"line":7,"column":4},"end":{"line":7,"column":null}},"4":{"start":{"line":8,"column":4},"end":{"line":8,"column":null}},"5":{"start":{"line":14,"column":4},"end":{"line":14,"column":null}},"6":{"start":{"line":15,"column":4},"end":{"line":15,"column":null}},"7":{"start":{"line":21,"column":4},"end":{"line":21,"column":null}},"8":{"start":{"line":22,"column":4},"end":{"line":22,"column":null}},"9":{"start":{"line":27,"column":26},"end":{"line":27,"column":50}},"10":{"start":{"line":28,"column":2},"end":{"line":30,"column":null}},"11":{"start":{"line":29,"column":4},"end":{"line":29,"column":null}},"12":{"start":{"line":32,"column":2},"end":{"line":41,"column":null}},"13":{"start":{"line":33,"column":25},"end":{"line":33,"column":54}},"14":{"start":{"line":34,"column":4},"end":{"line":36,"column":null}},"15":{"start":{"line":35,"column":6},"end":{"line":35,"column":null}},"16":{"start":{"line":38,"column":4},"end":{"line":40,"column":null}},"17":{"start":{"line":39,"column":6},"end":{"line":39,"column":null}},"18":{"start":{"line":43,"column":26},"end":{"line":43,"column":51}},"19":{"start":{"line":44,"column":25},"end":{"line":44,"column":46}},"20":{"start":{"line":45,"column":28},"end":{"line":47,"column":34}},"21":{"start":{"line":48,"column":15},"end":{"line":48,"column":31}},"22":{"start":{"line":50,"column":18},"end":{"line":54,"column":3}},"23":{"start":{"line":56,"column":21},"end":{"line":66,"column":4}},"24":{"start":{"line":68,"column":2},"end":{"line":71,"column":null}},"25":{"start":{"line":75,"column":13},"end":{"line":75,"column":39}},"26":{"start":{"line":76,"column":2},"end":{"line":78,"column":null}},"27":{"start":{"line":77,"column":4},"end":{"line":77,"column":null}},"28":{"start":{"line":80,"column":22},"end":{"line":82,"column":4}},"29":{"start":{"line":83,"column":2},"end":{"line":85,"column":null}},"30":{"start":{"line":84,"column":4},"end":{"line":84,"column":null}},"31":{"start":{"line":87,"column":2},"end":{"line":87,"column":null}},"32":{"start":{"line":88,"column":2},"end":{"line":88,"column":null}},"33":{"start":{"line":91,"column":0},"end":{"line":97,"column":null}}},"fnMap":{"0":{"name":"constructor","decl":{"start":{"line":4,"column":2},"end":{"line":4,"column":13}},"loc":{"start":{"line":4,"column":43},"end":{"line":9,"column":null}},"line":4},"1":{"name":"constructor_2","decl":{"start":{"line":13,"column":2},"end":{"line":13,"column":13}},"loc":{"start":{"line":13,"column":23},"end":{"line":16,"column":null}},"line":13},"2":{"name":"constructor_3","decl":{"start":{"line":20,"column":2},"end":{"line":20,"column":13}},"loc":{"start":{"line":20,"column":23},"end":{"line":23,"column":null}},"line":20},"3":{"name":"createCat","decl":{"start":{"line":26,"column":15},"end":{"line":26,"column":24}},"loc":{"start":{"line":26,"column":104},"end":{"line":72,"column":null}},"line":26},"4":{"name":"deleteCat","decl":{"start":{"line":74,"column":15},"end":{"line":74,"column":24}},"loc":{"start":{"line":74,"column":63},"end":{"line":89,"column":null}},"line":74}},"branchMap":{"0":{"loc":{"start":{"line":4,"column":29},"end":{"line":4,"column":41}},"type":"default-arg","locations":[{"start":{"line":4,"column":39},"end":{"line":4,"column":41}}],"line":4},"1":{"loc":{"start":{"line":28,"column":2},"end":{"line":30,"column":null}},"type":"if","locations":[{"start":{"line":28,"column":2},"end":{"line":30,"column":null}},{"start":{},"end":{}}],"line":28},"2":{"loc":{"start":{"line":32,"column":2},"end":{"line":41,"column":null}},"type":"if","locations":[{"start":{"line":32,"column":2},"end":{"line":41,"column":null}},{"start":{},"end":{}}],"line":32},"3":{"loc":{"start":{"line":34,"column":4},"end":{"line":36,"column":null}},"type":"if","locations":[{"start":{"line":34,"column":4},"end":{"line":36,"column":null}},{"start":{},"end":{}}],"line":34},"4":{"loc":{"start":{"line":38,"column":4},"end":{"line":40,"column":null}},"type":"if","locations":[{"start":{"line":38,"column":4},"end":{"line":40,"column":null}},{"start":{},"end":{}}],"line":38},"5":{"loc":{"start":{"line":43,"column":26},"end":{"line":43,"column":51}},"type":"binary-expr","locations":[{"start":{"line":43,"column":26},"end":{"line":43,"column":36}},{"start":{"line":43,"column":40},"end":{"line":43,"column":51}}],"line":43},"6":{"loc":{"start":{"line":44,"column":25},"end":{"line":44,"column":46}},"type":"binary-expr","locations":[{"start":{"line":44,"column":25},"end":{"line":44,"column":34}},{"start":{"line":44,"column":38},"end":{"line":44,"column":46}}],"line":44},"7":{"loc":{"start":{"line":45,"column":28},"end":{"line":47,"column":34}},"type":"cond-expr","locations":[{"start":{"line":46,"column":6},"end":{"line":46,"column":null}},{"start":{"line":47,"column":6},"end":{"line":47,"column":34}}],"line":45},"8":{"loc":{"start":{"line":45,"column":28},"end":{"line":45,"column":null}},"type":"binary-expr","locations":[{"start":{"line":45,"column":28},"end":{"line":45,"column":58}},{"start":{"line":45,"column":62},"end":{"line":45,"column":null}}],"line":45},"9":{"loc":{"start":{"line":60,"column":11},"end":{"line":60,"column":59}},"type":"cond-expr","locations":[{"start":{"line":60,"column":36},"end":{"line":60,"column":52}},{"start":{"line":60,"column":55},"end":{"line":60,"column":59}}],"line":60},"10":{"loc":{"start":{"line":64,"column":13},"end":{"line":64,"column":null}},"type":"binary-expr","locations":[{"start":{"line":64,"column":13},"end":{"line":64,"column":23}},{"start":{"line":64,"column":27},"end":{"line":64,"column":null}}],"line":64},"11":{"loc":{"start":{"line":76,"column":2},"end":{"line":78,"column":null}},"type":"if","locations":[{"start":{"line":76,"column":2},"end":{"line":78,"column":null}},{"start":{},"end":{}}],"line":76},"12":{"loc":{"start":{"line":83,"column":2},"end":{"line":85,"column":null}},"type":"if","locations":[{"start":{"line":83,"column":2},"end":{"line":85,"column":null}},{"start":{},"end":{}}],"line":83}},"s":{"0":1,"1":2,"2":2,"3":2,"4":2,"5":1,"6":1,"7":0,"8":0,"9":3,"10":1,"11":1,"12":2,"13":0,"14":0,"15":1,"16":0,"17":0,"18":2,"19":1,"20":1,"21":3,"22":3,"23":1,"24":0,"25":1,"26":1,"27":1,"28":3,"29":2,"30":1,"31":1,"32":2,"33":2},"f":{"0":2,"1":1,"2":0,"3":3,"4":4},"b":{"0":[2],"1":[1,0],"2":[0,2],"3":[1,-1],"4":[0,0],"5":[2,1],"6":[1,1],"7":[2,0],"8":[1,0],"9":[1,1],"10":[3,2],"11":[1,0],"12":[1,1]},"meta":{"lastBranch":13,"lastFunction":5,"lastStatement":34,"seen":{"s:1:15:1:45":0,"f:4:2:4:13":0,"b:4:39:4:41":0,"s:5:4:5:Infinity":1,"s:6:4:6:Infinity":2,"s:7:4:7:Infinity":3,"s:8:4:8:Infinity":4,"f:13:2:13:13":1,"s:14:4:14:Infinity":5,"s:15:4:15:Infinity":6,"f:20:2:20:13":2,"s:21:4:21:Infinity":7,"s:22:4:22:Infinity":8,"f:26:15:26:24":3,"s:27:26:27:50":9,"b:28:2:30:Infinity:undefined:undefined:undefined:undefined":1,"s:28:2:30:Infinity":10,"s:29:4:29:Infinity":11,"b:32:2:41:Infinity:undefined:undefined:undefined:undefined":2,"s:32:2:41:Infinity":12,"s:33:25:33:54":13,"b:34:4:36:Infinity:undefined:undefined:undefined:undefined":3,"s:34:4:36:Infinity":14,"s:35:6:35:Infinity":15,"b:38:4:40:Infinity:undefined:undefined:undefined:undefined":4,"s:38:4:40:Infinity":16,"s:39:6:39:Infinity":17,"s:43:26:43:51":18,"b:43:26:43:36:43:40:43:51":5,"s:44:25:44:46":19,"b:44:25:44:34:44:38:44:46":6,"s:45:28:47:34":20,"b:46:6:46:Infinity:47:6:47:34":7,"b:45:28:45:58:45:62:45:Infinity":8,"s:48:15:48:31":21,"s:50:18:54:3":22,"s:56:21:66:4":23,"b:60:36:60:52:60:55:60:59":9,"b:64:13:64:23:64:27:64:Infinity":10,"s:68:2:71:Infinity":24,"f:74:15:74:24":4,"s:75:13:75:39":25,"b:76:2:78:Infinity:undefined:undefined:undefined:undefined":11,"s:76:2:78:Infinity":26,"s:77:4:77:Infinity":27,"s:80:22:82:4":28,"b:83:2:85:Infinity:undefined:undefined:undefined:undefined":12,"s:83:2:85:Infinity":29,"s:84:4:84:Infinity":30,"s:87:2:87:Infinity":31,"s:88:2:88:Infinity":32,"s:91:0:97:Infinity":33},"fnNames":{}}}
,"C:\\Users\\murie\\Documents\\Studium\\4.Semester\\Web-Architecture\\meinprojekt\\backend\\modules\\community\\community.routes.js": {"path":"C:\\Users\\murie\\Documents\\Studium\\4.Semester\\Web-Architecture\\meinprojekt\\backend\\modules\\community\\community.routes.js","statementMap":{"0":{"start":{"line":1,"column":16},"end":{"line":1,"column":34}},"1":{"start":{"line":2,"column":25},"end":{"line":2,"column":55}},"2":{"start":{"line":4,"column":30},"end":{"line":99,"column":1}},"3":{"start":{"line":9,"column":17},"end":{"line":9,"column":33}},"4":{"start":{"line":11,"column":2},"end":{"line":19,"column":null}},"5":{"start":{"line":12,"column":4},"end":{"line":18,"column":null}},"6":{"start":{"line":13,"column":20},"end":{"line":13,"column":56}},"7":{"start":{"line":14,"column":6},"end":{"line":14,"column":null}},"8":{"start":{"line":16,"column":6},"end":{"line":16,"column":null}},"9":{"start":{"line":17,"column":6},"end":{"line":17,"column":null}},"10":{"start":{"line":21,"column":2},"end":{"line":32,"column":null}},"11":{"start":{"line":22,"column":4},"end":{"line":31,"column":null}},"12":{"start":{"line":23,"column":19},"end":{"line":23,"column":92}},"13":{"start":{"line":24,"column":6},"end":{"line":24,"column":null}},"14":{"start":{"line":26,"column":6},"end":{"line":28,"column":null}},"15":{"start":{"line":27,"column":8},"end":{"line":27,"column":null}},"16":{"start":{"line":29,"column":6},"end":{"line":29,"column":null}},"17":{"start":{"line":30,"column":6},"end":{"line":30,"column":null}},"18":{"start":{"line":34,"column":2},"end":{"line":50,"column":null}},"19":{"start":{"line":35,"column":4},"end":{"line":49,"column":null}},"20":{"start":{"line":36,"column":17},"end":{"line":36,"column":48}},"21":{"start":{"line":37,"column":6},"end":{"line":39,"column":null}},"22":{"start":{"line":38,"column":8},"end":{"line":38,"column":null}},"23":{"start":{"line":41,"column":6},"end":{"line":41,"column":null}},"24":{"start":{"line":42,"column":6},"end":{"line":42,"column":null}},"25":{"start":{"line":44,"column":6},"end":{"line":46,"column":null}},"26":{"start":{"line":45,"column":8},"end":{"line":45,"column":null}},"27":{"start":{"line":47,"column":6},"end":{"line":47,"column":null}},"28":{"start":{"line":48,"column":6},"end":{"line":48,"column":null}},"29":{"start":{"line":52,"column":2},"end":{"line":73,"column":null}},"30":{"start":{"line":53,"column":4},"end":{"line":72,"column":null}},"31":{"start":{"line":54,"column":17},"end":{"line":54,"column":48}},"32":{"start":{"line":55,"column":23},"end":{"line":55,"column":31}},"33":{"start":{"line":57,"column":6},"end":{"line":59,"column":null}},"34":{"start":{"line":58,"column":8},"end":{"line":58,"column":null}},"35":{"start":{"line":61,"column":19},"end":{"line":61,"column":83}},"36":{"start":{"line":62,"column":6},"end":{"line":62,"column":null}},"37":{"start":{"line":64,"column":6},"end":{"line":66,"column":null}},"38":{"start":{"line":65,"column":8},"end":{"line":65,"column":null}},"39":{"start":{"line":67,"column":6},"end":{"line":69,"column":null}},"40":{"start":{"line":68,"column":8},"end":{"line":68,"column":null}},"41":{"start":{"line":70,"column":6},"end":{"line":70,"column":null}},"42":{"start":{"line":71,"column":6},"end":{"line":71,"column":null}},"43":{"start":{"line":75,"column":2},"end":{"line":83,"column":null}},"44":{"start":{"line":76,"column":4},"end":{"line":82,"column":null}},"45":{"start":{"line":77,"column":23},"end":{"line":77,"column":62}},"46":{"start":{"line":78,"column":6},"end":{"line":78,"column":null}},"47":{"start":{"line":80,"column":6},"end":{"line":80,"column":null}},"48":{"start":{"line":81,"column":6},"end":{"line":81,"column":null}},"49":{"start":{"line":85,"column":2},"end":{"line":96,"column":null}},"50":{"start":{"line":86,"column":4},"end":{"line":95,"column":null}},"51":{"start":{"line":87,"column":22},"end":{"line":87,"column":98}},"52":{"start":{"line":88,"column":6},"end":{"line":88,"column":null}},"53":{"start":{"line":90,"column":6},"end":{"line":92,"column":null}},"54":{"start":{"line":91,"column":8},"end":{"line":91,"column":null}},"55":{"start":{"line":93,"column":6},"end":{"line":93,"column":null}},"56":{"start":{"line":94,"column":6},"end":{"line":94,"column":null}},"57":{"start":{"line":98,"column":2},"end":{"line":98,"column":null}},"58":{"start":{"line":101,"column":0},"end":{"line":101,"column":null}}},"fnMap":{"0":{"name":"(anonymous_0)","decl":{"start":{"line":4,"column":30},"end":{"line":4,"column":31}},"loc":{"start":{"line":8,"column":6},"end":{"line":99,"column":1}},"line":8},"1":{"name":"(anonymous_1)","decl":{"start":{"line":11,"column":23},"end":{"line":11,"column":28}},"loc":{"start":{"line":11,"column":43},"end":{"line":19,"column":3}},"line":11},"2":{"name":"(anonymous_2)","decl":{"start":{"line":21,"column":24},"end":{"line":21,"column":29}},"loc":{"start":{"line":21,"column":44},"end":{"line":32,"column":3}},"line":21},"3":{"name":"(anonymous_3)","decl":{"start":{"line":34,"column":30},"end":{"line":34,"column":35}},"loc":{"start":{"line":34,"column":50},"end":{"line":50,"column":3}},"line":34},"4":{"name":"(anonymous_4)","decl":{"start":{"line":52,"column":38},"end":{"line":52,"column":43}},"loc":{"start":{"line":52,"column":58},"end":{"line":73,"column":3}},"line":52},"5":{"name":"(anonymous_5)","decl":{"start":{"line":75,"column":26},"end":{"line":75,"column":31}},"loc":{"start":{"line":75,"column":46},"end":{"line":83,"column":3}},"line":75},"6":{"name":"(anonymous_6)","decl":{"start":{"line":85,"column":27},"end":{"line":85,"column":32}},"loc":{"start":{"line":85,"column":47},"end":{"line":96,"column":3}},"line":85}},"branchMap":{"0":{"loc":{"start":{"line":26,"column":6},"end":{"line":28,"column":null}},"type":"if","locations":[{"start":{"line":26,"column":6},"end":{"line":28,"column":null}},{"start":{},"end":{}}],"line":26},"1":{"loc":{"start":{"line":37,"column":6},"end":{"line":39,"column":null}},"type":"if","locations":[{"start":{"line":37,"column":6},"end":{"line":39,"column":null}},{"start":{},"end":{}}],"line":37},"2":{"loc":{"start":{"line":44,"column":6},"end":{"line":46,"column":null}},"type":"if","locations":[{"start":{"line":44,"column":6},"end":{"line":46,"column":null}},{"start":{},"end":{}}],"line":44},"3":{"loc":{"start":{"line":57,"column":6},"end":{"line":59,"column":null}},"type":"if","locations":[{"start":{"line":57,"column":6},"end":{"line":59,"column":null}},{"start":{},"end":{}}],"line":57},"4":{"loc":{"start":{"line":64,"column":6},"end":{"line":66,"column":null}},"type":"if","locations":[{"start":{"line":64,"column":6},"end":{"line":66,"column":null}},{"start":{},"end":{}}],"line":64},"5":{"loc":{"start":{"line":67,"column":6},"end":{"line":69,"column":null}},"type":"if","locations":[{"start":{"line":67,"column":6},"end":{"line":69,"column":null}},{"start":{},"end":{}}],"line":67},"6":{"loc":{"start":{"line":90,"column":6},"end":{"line":92,"column":null}},"type":"if","locations":[{"start":{"line":90,"column":6},"end":{"line":92,"column":null}},{"start":{},"end":{}}],"line":90}},"s":{"0":1,"1":1,"2":1,"3":9,"4":9,"5":1,"6":1,"7":1,"8":0,"9":0,"10":9,"11":2,"12":2,"13":1,"14":1,"15":1,"16":0,"17":0,"18":9,"19":2,"20":2,"21":2,"22":0,"23":2,"24":1,"25":1,"26":1,"27":0,"28":0,"29":9,"30":2,"31":2,"32":2,"33":2,"34":0,"35":2,"36":1,"37":1,"38":1,"39":0,"40":0,"41":0,"42":0,"43":9,"44":1,"45":1,"46":1,"47":0,"48":0,"49":9,"50":1,"51":1,"52":1,"53":0,"54":0,"55":0,"56":0,"57":9,"58":1},"f":{"0":9,"1":1,"2":2,"3":2,"4":2,"5":1,"6":1},"b":{"0":[1,0],"1":[0,2],"2":[1,0],"3":[0,2],"4":[1,0],"5":[0,0],"6":[0,0]},"meta":{"lastBranch":7,"lastFunction":7,"lastStatement":59,"seen":{"s:1:16:1:34":0,"s:2:25:2:55":1,"s:4:30:99:1":2,"f:4:30:4:31":0,"s:9:17:9:33":3,"s:11:2:19:Infinity":4,"f:11:23:11:28":1,"s:12:4:18:Infinity":5,"s:13:20:13:56":6,"s:14:6:14:Infinity":7,"s:16:6:16:Infinity":8,"s:17:6:17:Infinity":9,"s:21:2:32:Infinity":10,"f:21:24:21:29":2,"s:22:4:31:Infinity":11,"s:23:19:23:92":12,"s:24:6:24:Infinity":13,"b:26:6:28:Infinity:undefined:undefined:undefined:undefined":0,"s:26:6:28:Infinity":14,"s:27:8:27:Infinity":15,"s:29:6:29:Infinity":16,"s:30:6:30:Infinity":17,"s:34:2:50:Infinity":18,"f:34:30:34:35":3,"s:35:4:49:Infinity":19,"s:36:17:36:48":20,"b:37:6:39:Infinity:undefined:undefined:undefined:undefined":1,"s:37:6:39:Infinity":21,"s:38:8:38:Infinity":22,"s:41:6:41:Infinity":23,"s:42:6:42:Infinity":24,"b:44:6:46:Infinity:undefined:undefined:undefined:undefined":2,"s:44:6:46:Infinity":25,"s:45:8:45:Infinity":26,"s:47:6:47:Infinity":27,"s:48:6:48:Infinity":28,"s:52:2:73:Infinity":29,"f:52:38:52:43":4,"s:53:4:72:Infinity":30,"s:54:17:54:48":31,"s:55:23:55:31":32,"b:57:6:59:Infinity:undefined:undefined:undefined:undefined":3,"s:57:6:59:Infinity":33,"s:58:8:58:Infinity":34,"s:61:19:61:83":35,"s:62:6:62:Infinity":36,"b:64:6:66:Infinity:undefined:undefined:undefined:undefined":4,"s:64:6:66:Infinity":37,"s:65:8:65:Infinity":38,"b:67:6:69:Infinity:undefined:undefined:undefined:undefined":5,"s:67:6:69:Infinity":39,"s:68:8:68:Infinity":40,"s:70:6:70:Infinit
[...]
mn":48},"end":{"line":149,"column":69}},{"start":{"line":149,"column":72},"end":{"line":149,"column":76}}],"line":149},"17":{"loc":{"start":{"line":149,"column":14},"end":{"line":149,"column":45}},"type":"binary-expr","locations":[{"start":{"line":149,"column":14},"end":{"line":149,"column":20}},{"start":{"line":149,"column":24},"end":{"line":149,"column":45}}],"line":149}},"s":{"0":1,"1":1,"2":1,"3":2,"4":2,"5":1,"6":1,"7":0,"8":0,"9":1,"10":1,"11":1,"12":2,"13":2,"14":1,"15":1,"16":1,"17":1,"18":1,"19":1,"20":2,"21":2,"22":2,"23":2,"24":1,"25":1,"26":1,"27":1,"28":2,"29":1,"30":1,"31":1,"32":0,"33":1,"34":1,"35":1,"36":1,"37":1,"38":1,"39":1,"40":1,"41":0,"42":1,"43":1,"44":1,"45":1,"46":0,"47":1,"48":1},"f":{"0":2,"1":1,"2":0,"3":1,"4":1,"5":2,"6":2,"7":2,"8":1,"9":1,"10":1,"11":0},"b":{"0":[1,1],"1":[2,1,1,1],"2":[0,1],"3":[1,0],"4":[0,1],"5":[0,1],"6":[1,0],"7":[1,1],"8":[1,1],"9":[2,1],"10":[0,1],"11":[1,0],"12":[0,1],"13":[1,1],"14":[1,1],"15":[1,1],"16":[1,1],"17":[1,1]},"meta":{"lastBranch":18,"lastFunction":12,"lastStatement":49,"seen":{"s:1:15:1:45":0,"s:2:34:2:63":1,"s:3:33:3:63":2,"f:6:2:6:13":0,"s:7:4:7:Infinity":3,"s:8:4:8:Infinity":4,"f:13:2:13:13":1,"s:14:4:14:Infinity":5,"s:15:4:15:Infinity":6,"f:20:2:20:13":2,"s:21:4:21:Infinity":7,"s:22:4:22:Infinity":8,"f:26:15:26:26":3,"s:27:16:29:4":9,"s:30:2:34:Infinity":10,"f:30:19:30:20":4,"s:30:30:34:3":11,"f:37:15:37:25":5,"s:38:59:38:63":12,"b:40:2:42:Infinity:undefined:undefined:undefined:undefined":0,"s:40:2:42:Infinity":13,"b:40:6:40:13:40:17:40:39:40:43:40:48:40:52:40:72":1,"s:41:4:41:Infinity":14,"s:44:29:44:60":15,"s:45:26:45:54":16,"s:47:22:60:4":17,"b:53:10:53:Infinity:54:10:54:105":2,"b:52:13:52:18:52:22:52:Infinity":3,"b:55:55:55:59:55:62:55:80":4,"b:56:49:56:53:56:56:56:71":5,"s:63:2:63:Infinity":18,"s:66:25:66:62":19,"b:66:25:66:35:66:39:66:62":6,"s:67:2:71:Infinity":20,"s:73:2:77:Infinity":21,"f:80:15:80:25":6,"s:81:19:84:4":22,"b:86:2:88:Infinity:undefined:undefined:undefined:undefined":7,"s:86:2:88:Infinity":23,"s:87:4:87:Infinity":24,"s:90:2:90:Infinity":25,"s:93:2:93:Infinity":26,"s:94:2:94:Infinity":27,"f:97:15:97:26":7,"b:98:2:100:Infinity:undefined:undefined:undefined:undefined":8,"s:98:2:100:Infinity":28,"b:98:6:98:21:98:25:98:44":9,"s:99:4:99:Infinity":29,"s:102:19:102:105":30,"b:103:2:105:Infinity:undefined:undefined:undefined:undefined":10,"s:103:2:105:Infinity":31,"s:104:4:104:Infinity":32,"s:107:22:112:4":33,"b:110:8:110:Infinity:111:8:111:Infinity":11,"s:115:2:115:Infinity":34,"s:117:2:121:Infinity":35,"f:124:15:124:29":8,"s:125:19:127:4":36,"s:129:2:135:Infinity":37,"f:129:22:129:23":9,"s:129:36:135:3":38,"f:138:15:138:28":10,"s:139:45:139:49":39,"b:141:2:143:Infinity:undefined:undefined:undefined:undefined":12,"s:141:2:143:Infinity":40,"b:141:6:141:11:141:15:141:35":13,"s:142:4:142:Infinity":41,"s:145:25:152:4":42,"b:148:58:148:83:148:86:148:90":14,"b:148:16:148:26:148:30:148:55":15,"b:149:48:149:69:149:72:149:76":16,"b:149:14:149:20:149:24:149:45":17,"s:154:25:160:3":43,"s:163:2:163:Infinity":44,"s:166:2:170:Infinity":45,"f:170:11:170:14":11,"s:170:18:170:75":46,"s:172:2:172:Infinity":47,"s:175:0:185:Infinity":48},"fnNames":{}}}
,"C:\\Users\\murie\\Documents\\Studium\\4.Semester\\Web-Architecture\\meinprojekt\\backend\\utils\\authPayloadParsing.js": {"path":"C:\\Users\\murie\\Documents\\Studium\\4.Semester\\Web-Architecture\\meinprojekt\\backend\\utils\\authPayloadParsing.js","statementMap":{"0":{"start":{"line":5,"column":26},"end":{"line":19,"column":1}},"1":{"start":{"line":6,"column":16},"end":{"line":6,"column":62}},"2":{"start":{"line":7,"column":19},"end":{"line":7,"column":54}},"3":{"start":{"line":9,"column":2},"end":{"line":16,"column":3}},"4":{"start":{"line":10,"column":4},"end":{"line":15,"column":6}},"5":{"start":{"line":18,"column":2},"end":{"line":18,"column":29}},"6":{"start":{"line":21,"column":0},"end":{"line":21,"column":39}}},"fnMap":{"0":{"name":"(anonymous_0)","decl":{"start":{"line":5,"column":26},"end":{"line":5,"column":27}},"loc":{"start":{"line":5,"column":36},"end":{"line":19,"column":1}},"line":5}},"branchMap":{"0":{"loc":{"start":{"line":6,"column":23},"end":{"line":6,"column":40}},"type":"binary-expr","locations":[{"start":{"line":6,"column":23},"end":{"line":6,"column":34}},{"start":{"line":6,"column":38},"end":{"line":6,"column":40}}],"line":6},"1":{"loc":{"start":{"line":7,"column":26},"end":{"line":7,"column":46}},"type":"binary-expr","locations":[{"start":{"line":7,"column":26},"end":{"line":7,"column":40}},{"start":{"line":7,"column":44},"end":{"line":7,"column":46}}],"line":7},"2":{"loc":{"start":{"line":9,"column":2},"end":{"line":16,"column":3}},"type":"if","locations":[{"start":{"line":9,"column":2},"end":{"line":16,"column":3}},{"start":{},"end":{}}],"line":9},"3":{"loc":{"start":{"line":9,"column":6},"end":{"line":9,"column":25}},"type":"binary-expr","locations":[{"start":{"line":9,"column":6},"end":{"line":9,"column":12}},{"start":{"line":9,"column":16},"end":{"line":9,"column":25}}],"line":9}},"s":{"0":1,"1":22,"2":22,"3":22,"4":11,"5":11,"6":1},"f":{"0":22},"b":{"0":[22,6],"1":[22,6],"2":[11,11],"3":[22,15]},"meta":{"lastBranch":4,"lastFunction":1,"lastStatement":7,"seen":{"s:5:26:19:1":0,"f:5:26:5:27":0,"s:6:16:6:62":1,"b:6:23:6:34:6:38:6:40":0,"s:7:19:7:54":2,"b:7:26:7:40:7:44:7:46":1,"b:9:2:16:3:undefined:undefined:undefined:undefined":2,"s:9:2:16:3":3,"b:9:6:9:12:9:16:9:25":3,"s:10:4:15:6":4,"s:18:2:18:29":5,"s:21:0:21:39":6},"fnNames":{}}}
,"C:\\Users\\murie\\Documents\\Studium\\4.Semester\\Web-Architecture\\meinprojekt\\backend\\utils\\mailer.js": {"path":"C:\\Users\\murie\\Documents\\Studium\\4.Semester\\Web-Architecture\\meinprojekt\\backend\\utils\\mailer.js","statementMap":{"0":{"start":{"line":1,"column":19},"end":{"line":1,"column":36}},"1":{"start":{"line":2,"column":14},"end":{"line":2,"column":30}},"2":{"start":{"line":3,"column":19},"end":{"line":3,"column":49}},"3":{"start":{"line":4,"column":83},"end":{"line":4,"column":117}},"4":{"start":{"line":6,"column":15},"end":{"line":6,"column":73}},"5":{"start":{"line":9,"column":29},"end":{"line":27,"column":1}},"6":{"start":{"line":10,"column":2},"end":{"line":26,"column":null}},"7":{"start":{"line":32,"column":30},"end":{"line":60,"column":1}},"8":{"start":{"line":34,"column":2},"end":{"line":59,"column":null}},"9":{"start":{"line":35,"column":4},"end":{"line":58,"column":null}},"10":{"start":{"line":36,"column":6},"end":{"line":36,"column":null}},"11":{"start":{"line":38,"column":22},"end":{"line":38,"column":106}},"12":{"start":{"line":40,"column":24},"end":{"line":42,"column":7}},"13":{"start":{"line":44,"column":23},"end":{"line":49,"column":8}},"14":{"start":{"line":51,"column":6},"end":{"line":55,"column":null}},"15":{"start":{"line":52,"column":8},"end":{"line":52,"column":null}},"16":{"start":{"line":54,"column":8},"end":{"line":54,"column":null}},"17":{"start":{"line":57,"column":6},"end":{"line":57,"column":null}},"18":{"start":{"line":62,"column":0},"end":{"line":64,"column":null}}},"fnMap":{"0":{"name":"(anonymous_0)","decl":{"start":{"line":9,"column":29},"end":{"line":9,"column":30}},"loc":{"start":{"line":9,"column":60},"end":{"line":27,"column":1}},"line":9},"1":{"name":"(anonymous_1)","decl":{"start":{"line":32,"column":30},"end":{"line":32,"column":31}},"loc":{"start":{"line":32,"column":64},"end":{"line":60,"column":1}},"line":32},"2":{"name":"(anonymous_2)","decl":{"start":{"line":34,"column":15},"end":{"line":34,"column":20}},"loc":{"start":{"line":34,"column":27},"end":{"line":59,"column":3}},"line":34}},"branchMap":{"0":{"loc":{"start":{"line":6,"column":26},"end":{"line":6,"column":72}},"type":"binary-expr","locations":[{"start":{"line":6,"column":26},"end":{"line":6,"column":52}},{"start":{"line":6,"column":56},"end":{"line":6,"column":72}}],"line":6},"1":{"loc":{"start":{"line":38,"column":25},"end":{"line":38,"column":79}},"type":"binary-expr","locations":[{"start":{"line":38,"column":25},"end":{"line":38,"column":52}},{"start":{"line":38,"column":56},"end":{"line":38,"column":79}}],"line":38},"2":{"loc":{"start":{"line":51,"column":6},"end":{"line":55,"column":null}},"type":"if","locations":[{"start":{"line":51,"column":6},"end":{"line":55,"column":null}},{"start":{"line":53,"column":13},"end":{"line":55,"column":null}}],"line":51}},"s":{"0":1,"1":1,"2":1,"3":1,"4":1,"5":1,"6":1,"7":1,"8":1,"9":1,"10":1,"11":1,"12":1,"13":1,"14":1,"15":1,"16":0,"17":0,"18":1},"f":{"0":1,"1":1,"2":1},"b":{"0":[1,1],"1":[1,1],"2":[1,0]},"meta":{"lastBranch":3,"lastFunction":3,"lastStatement":19,"seen":{"s:1:19:1:36":0,"s:2:14:2:30":1,"s:3:19:3:49":2,"s:4:83:4:117":3,"s:6:15:6:73":4,"b:6:26:6:52:6:56:6:72":0,"s:9:29:27:1":5,"f:9:29:9:30":0,"s:10:2:26:Infinity":6,"s:32:30:60:1":7,"f:32:30:32:31":1,"s:34:2:59:Infinity":8,"f:34:15:34:20":2,"s:35:4:58:Infinity":9,"s:36:6:36:Infinity":10,"s:38:22:38:106":11,"b:38:25:38:52:38:56:38:79":1,"s:40:24:42:7":12,"s:44:23:49:8":13,"b:51:6:55:Infinity:53:13:55:Infinity":2,"s:51:6:55:Infinity":14,"s:52:8:52:Infinity":15,"s:54:8:54:Infinity":16,"s:57:6:57:Infinity":17,"s:62:0:64:Infinity":18},"fnNames":{}}}
,"C:\\Users\\murie\\Documents\\Studium\\4.Semester\\Web-Architecture\\meinprojekt\\backend\\utils\\validation.js": {"path":"C:\\Users\\murie\\Documents\\Studium\\4.Semester\\Web-Architecture\\meinprojekt\\backend\\utils\\validation.js","statementMap":{"0":{"start":{"line":4,"column":23},"end":{"line":4,"column":74}},"1":{"start":{"line":4,"column":34},"end":{"line":4,"column":74}},"2":{"start":{"line":9,"column":21},"end":{"line":11,"column":1}},"3":{"start":{"line":10,"column":2},"end":{"line":10,"column":50}},"4":{"start":{"line":19,"column":24},"end":{"line":26,"column":1}},"5":{"start":{"line":20,"column":22},"end":{"line":20,"column":44}},"6":{"start":{"line":21,"column":2},"end":{"line":25,"column":4}},"7":{"start":{"line":28,"column":0},"end":{"line":32,"column":2}}},"fnMap":{"0":{"name":"(anonymous_0)","decl":{"start":{"line":4,"column":23},"end":{"line":4,"column":24}},"loc":{"start":{"line":4,"column":34},"end":{"line":4,"column":74}},"line":4},"1":{"name":"(anonymous_1)","decl":{"start":{"line":9,"column":21},"end":{"line":9,"column":22}},"loc":{"start":{"line":9,"column":32},"end":{"line":11,"column":1}},"line":9},"2":{"name":"(anonymous_2)","decl":{"start":{"line":19,"column":24},"end":{"line":19,"column":25}},"loc":{"start":{"line":19,"column":38},"end":{"line":26,"column":1}},"line":19}},"branchMap":{"0":{"loc":{"start":{"line":4,"column":41},"end":{"line":4,"column":52}},"type":"binary-expr","locations":[{"start":{"line":4,"column":41},"end":{"line":4,"column":46}},{"start":{"line":4,"column":50},"end":{"line":4,"column":52}}],"line":4},"1":{"loc":{"start":{"line":20,"column":29},"end":{"line":20,"column":43}},"type":"binary-expr","locations":[{"start":{"line":20,"column":29},"end":{"line":20,"column":37}},{"start":{"line":20,"column":41},"end":{"line":20,"column":43}}],"line":20},"2":{"loc":{"start":{"line":22,"column":4},"end":{"line":24,"column":26}},"type":"binary-expr","locations":[{"start":{"line":22,"column":4},"end":{"line":22,"column":28}},{"start":{"line":23,"column":4},"end":{"line":23,"column":32}},{"start":{"line":24,"column":4},"end":{"line":24,"column":26}}],"line":22}},"s":{"0":1,"1":4,"2":1,"3":9,"4":1,"5":9,"6":9,"7":1},"f":{"0":4,"1":9,"2":9},"b":{"0":[4,3],"1":[9,3],"2":[9,5,4]},"meta":{"lastBranch":3,"lastFunction":3,"lastStatement":8,"seen":{"s:4:23:4:74":0,"f:4:23:4:24":0,"s:4:34:4:74":1,"b:4:41:4:46:4:50:4:52":0,"s:9:21:11:1":2,"f:9:21:9:22":1,"s:10:2:10:50":3,"s:19:24:26:1":4,"f:19:24:19:25":2,"s:20:22:20:44":5,"b:20:29:20:37:20:41:20:43":1,"s:21:2:25:4":6,"b:22:4:22:28:23:4:23:32:24:4:24:26":2,"s:28:0:32:2":7},"fnNames":{}}}
,"C:\\Users\\murie\\Documents\\Studium\\4.Semester\\Web-Architecture\\meinprojekt\\backend\\utils\\webpush.js": {"path":"C:\\Users\\murie\\Documents\\Studium\\4.Semester\\Web-Architecture\\meinprojekt\\backend\\utils\\webpush.js","statementMap":{"0":{"start":{"line":1,"column":16},"end":{"line":1,"column":35}},"1":{"start":{"line":2,"column":11},"end":{"line":2,"column":24}},"2":{"start":{"line":3,"column":13},"end":{"line":3,"column":28}},"3":{"start":{"line":5,"column":27},"end":{"line":5,"column":82}},"4":{"start":{"line":8,"column":0},"end":{"line":16,"column":null}},"5":{"start":{"line":9,"column":2},"end":{"line":13,"column":null}},"6":{"start":{"line":15,"column":2},"end":{"line":15,"column":null}},"7":{"start":{"line":18,"column":26},"end":{"line":29,"column":1}},"8":{"start":{"line":19,"column":2},"end":{"line":28,"column":null}},"9":{"start":{"line":20,"column":4},"end":{"line":22,"column":null}},"10":{"start":{"line":21,"column":6},"end":{"line":21,"column":null}},"11":{"start":{"line":23,"column":17},"end":{"line":23,"column":60}},"12":{"start":{"line":24,"column":4},"end":{"line":24,"column":null}},"13":{"start":{"line":26,"column":4},"end":{"line":26,"column":null}},"14":{"start":{"line":27,"column":4},"end":{"line":27,"column":null}},"15":{"start":{"line":31,"column":27},"end":{"line":38,"column":1}},"16":{"start":{"line":32,"column":2},"end":{"line":37,"column":null}},"17":{"start":{"line":33,"column":4},"end":{"line":33,"column":null}},"18":{"start":{"line":34,"column":4},"end":{"line":34,"column":null}},"19":{"start":{"line":36,"column":4},"end":{"line":36,"column":null}},"20":{"start":{"line":40,"column":22},"end":{"line":46,"column":1}},"21":{"start":{"line":41,"column":15},"end":{"line":41,"column":34}},"22":{"start":{"line":43,"column":19},"end":{"line":43,"column":90}},"23":{"start":{"line":43,"column":38},"end":{"line":43,"column":89}},"24":{"start":{"line":44,"column":2},"end":{"line":44,"column":null}},"25":{"start":{"line":45,"column":2},"end":{"line":45,"column":null}},"26":{"start":{"line":48,"column":34},"end":{"line":52,"column":1}},"27":{"start":{"line":49,"column":15},"end":{"line":49,"column":34}},"28":{"start":{"line":50,"column":19},"end":{"line":50,"column":77}},"29":{"start":{"line":50,"column":38},"end":{"line":50,"column":76}},"30":{"start":{"line":51,"column":2},"end":{"line":51,"column":null}},"31":{"start":{"line":54,"column":29},"end":{"line":75,"column":1}},"32":{"start":{"line":55,"column":15},"end":{"line":55,"column":34}},"33":{"start":{"line":56,"column":2},"end":{"line":56,"column":null}},"34":{"start":{"line":58,"column":24},"end":{"line":58,"column":47}},"35":{"start":{"line":60,"column":23},"end":{"line":72,"column":4}},"36":{"start":{"line":61,"column":4},"end":{"line":71,"column":null}},"37":{"start":{"line":62,"column":6},"end":{"line":62,"column":null}},"38":{"start":{"line":65,"column":6},"end":{"line":70,"column":null}},"39":{"start":{"line":66,"column":8},"end":{"line":66,"column":null}},"40":{"start":{"line":67,"column":8},"end":{"line":67,"column":null}},"41":{"start":{"line":69,"column":8},"end":{"line":69,"column":null}},"42":{"start":{"line":74,"column":2},"end":{"line":74,"column":null}},"43":{"start":{"line":77,"column":0},"end":{"line":80,"column":null}}},"fnMap":{"0":{"name":"(anonymous_0)","decl":{"start":{"line":18,"column":26},"end":{"line":18,"column":27}},"loc":{"start":{"line":18,"column":32},"end":{"line":29,"column":1}},"line":18},"1":{"name":"(anonymous_1)","decl":{"start":{"line":31,"column":27},"end":{"line":31,"column":28}},"loc":{"start":{"line":31,"column":37},"end":{"line":38,"column":1}},"line":31},"2":{"name":"(anonymous_2)","decl":{"start":{"line":40,"column":22},"end":{"line":40,"column":23}},"loc":{"start":{"line":40,"column":48},"end":{"line":46,"column":1}},"line":40},"3":{"name":"(anonymous_3)","decl":{"start":{"line":43,"column":31},"end":{"line":43,"column":34}},"loc":{"start":{"line":43,"column":38},"end":{"line":43,"column":89}},"line":43},"4":{"name":"(anonymous_4)","decl":{"start":{"line":48,"column":34},"end":{"line":48,"column":35}},"loc":{"start":{"line":48,"column":48},"end":{"line":52,"column":1}},"line":48},"5":{"name":"(anonymous_5)","decl":{"start":{"line":50,"column":31},"end":{"line":50,"column":34}},"loc":{"start":{"line":50,"column":38},"end":{"line":50,"column":76}},"line":50},"6":{"name":"(anonymous_6)","decl":{"start":{"line":54,"column":29},"end":{"line":54,"column":34}},"loc":{"start":{"line":54,"column":48},"end":{"line":75,"column":1}},"line":54},"7":{"name":"(anonymous_7)","decl":{"start":{"line":60,"column":32},"end":{"line":60,"column":37}},"loc":{"start":{"line":60,"column":47},"end":{"line":72,"column":3}},"line":60}},"branchMap":{"0":{"loc":{"start":{"line":8,"column":0},"end":{"line":16,"column":null}},"type":"if","locations":[{"start":{"line":8,"column":0},"end":{"line":16,"column":null}},{"start":{"line":14,"column":7},"end":{"line":16,"column":null}}],"line":8},"1":{"loc":{"start":{"line":8,"column":4},"end":{"line":8,"column":65}},"type":"binary-expr","locations":[{"start":{"line":8,"column":4},"end":{"line":8,"column":32}},{"start":{"line":8,"column":36},"end":{"line":8,"column":65}}],"line":8},"2":{"loc":{"start":{"line":10,"column":4},"end":{"line":10,"column":66}},"type":"binary-expr","locations":[{"start":{"line":10,"column":4},"end":{"line":10,"column":27}},{"start":{"line":10,"column":31},"end":{"line":10,"column":66}}],"line":10},"3":{"loc":{"start":{"line":20,"column":4},"end":{"line":22,"column":null}},"type":"if","locations":[{"start":{"line":20,"column":4},"end":{"line":22,"column":null}},{"start":{},"end":{}}],"line":20},"4":{"loc":{"start":{"line":24,"column":11},"end":{"line":24,"column":33}},"type":"binary-expr","locations":[{"start":{"line":24,"column":11},"end":{"line":24,"column":27}},{"start":{"line":24,"column":31},"end":{"line":24,"column":33}}],"line":24},"5":{"loc":{"start":{"line":65,"column":6},"end":{"line":70,"column":null}},"type":"if","locations":[{"start":{"line":65,"column":6},"end":{"line":70,"column":null}},{"start":{"line":68,"column":13},"end":{"line":70,"column":null}}],"line":65},"6":{"loc":{"start":{"line":65,"column":10},"end":{"line":65,"column":62}},"type":"binary-expr","locations":[{"start":{"line":65,"column":10},"end":{"line":65,"column":34}},{"start":{"line":65,"column":38},"end":{"line":65,"column":62}}],"line":65}},"s":{"0":1,"1":1,"2":1,"3":1,"4":1,"5":0,"6":1,"7":1,"8":1,"9":1,"10":0,"11":1,"12":1,"13":0,"14":0,"15":1,"16":0,"17":0,"18":0,"19":0,"20":1,"21":0,"22":0,"23":0,"24":0,"25":0,"26":1,"27":0,"28":0,"29":0,"30":0,"31":1,"32":1,"33":1,"34":1,"35":1,"36":1,"37":1,"38":0,"39":0,"40":0,"41":0,"42":1,"43":1},"f":{"0":1,"1":0,"2":0,"3":0,"4":0,"5":0,"6":1,"7":1},"b":{"0":[0,1],"1":[1,0],"2":[0,0],"3":[0,1],"4":[1,0],"5":[0,0],"6":[0,0]},"meta":{"lastBranch":7,"lastFunction":8,"lastStatement":44,"seen":{"s:1:16:1:35":0,"s:2:11:2:24":1,"s:3:13:3:28":2,"s:5:27:5:82":3,"b:8:0:16:Infinity:14:7:16:Infinity":0,"s:8:0:16:Infinity":4,"b:8:4:8:32:8:36:8:65":1,"s:9:2:13:Infinity":5,"b:10:4:10:27:10:31:10:66":2,"s:15:2:15:Infinity":6,"s:18:26:29:1":7,"f:18:26:18:27":0,"s:19:2:28:Infinity":8,"b:20:4:22:Infinity:undefined:undefined:undefined:undefined":3,"s:20:4:22:Infinity":9,"s:21:6:21:Infinity":10,"s:23:17:23:60":11,"s:24:4:24:Infinity":12,"b:24:11:24:27:24:31:24:33":4,"s:26:4:26:Infinity":13,"s:27:4:27:Infinity":14,"s:31:27:38:1":15,"f:31:27:31:28":1,"s:32:2:37:Infinity":16,"s:33:4:33:Infinity":17,"s:34:4:34:Infinity":18,"s:36:4:36:Infinity":19,"s:40:22:46:1":20,"f:40:22:40:23":2,"s:41:15:41:34":21,"s:43:19:43:90":22,"f:43:31:43:34":3,"s:43:38:43:89":23,"s:44:2:44:Infinity":24,"s:45:2:45:Infinity":25,"s:48:34:52:1":26,"f:48:34:48:35":4,"s:49:15:49:34":27,"s:50:19:50:77":28,"f:50:31:50:34":5,"s:50:38:50:76":29,"s:51:2:51:Infinity":30,"s:54:29:75:1":31,"f:54:29:54:34":6,"s:55:15:55:34":32,"s:56:2:56:Infinity":33,"s:58:24:58:47":34,"s:60:23:72:4":35,"f:60:32:60:37":7,"s:61:4:71:Infinity":36,"s:62:6:62:Infinity":37,"b:65:6:70:Infinity:68:13:70:Infinity":5,"s:65:6:70:Infinity":38,"b:65:10:65:34:65:38:65:62":6,"s:66:8:66:Infinity":39,"s:67:8:67:Infinity":40,"s:69:8:69:Infinity":41,"s:74:2:74:Infinity":42,"s:77:0:80:Infinity":43},"fnNames":{}}}
}
